<?xml version="1.0" encoding="UTF-8" standalone="yes"?>
<testsuites name="Cliente" time="173" tests="2" failures="1" errors="0">
    <testsuite name="Cliente" tests="2" failures="1" errors="0" time="173" timestamp="2019-10-31 15:05:28" hostname="lsepulvedap - p-lsepulvedap.intergrupo.com" id="Test Suites/Clientes/Cliente">
        <properties>
            <property name="deviceName" value=""/>
            <property name="devicePlatform" value=""/>
            <property name="logFolder" value="E:\\CAF\\Automatizacion\\CAF1\\Reports\\20191031_150523\\Clientes\\Cliente\\20191031_150523"/>
            <property name="logFiles" value="E:\\CAF\\Automatizacion\\CAF1\\Reports\\20191031_150523\\Clientes\\Cliente\\20191031_150523\\execution0.log"/>
            <property name="attachments" value="E:\\CAF\\Automatizacion\\CAF1\\Reports\\20191031_150523\\Clientes\\Cliente\\20191031_150523\\1572552501055.png"/>
            <property name="hostName" value="lsepulvedap - p-lsepulvedap.intergrupo.com"/>
            <property name="os" value="Windows 10 64bit"/>
            <property name="katalonVersion" value="6.3.3.11"/>
            <property name="browser" value="Chrome 77.0.3865.120"/>
            <property name="hostAddress" value="10.60.6.164"/>
            <property name="sessionId" value="4eebf61f431e41a2dafa1c339777ea5f"/>
            <property name="seleniumVersion" value="3.141.59"/>
            <property name="proxyInformation" value="ProxyInformation{proxyOption=NO_PROXY, proxyServerType=HTTP, password=, proxyServerAddress=, proxyServerPort=0}"/>
            <property name="platform" value="Windows 10"/>
        </properties>
        <testcase name="Test Cases/Clientes/ConsultaCliente" classname="Test Cases/Clientes/ConsultaCliente" status="PASSED">
            <system-out>2019-10-31 15:05:28 - [TEST_CASE][PASSED] - Test Cases/Clientes/ConsultaCliente: Test Cases/Clientes/ConsultaCliente&#xD;
&#xD;
2019-10-31 15:05:29 - [TEST_STEP][PASSED] - runFeatureFile("Include/features/Clientes/ConsultarCliente.feature"): Feature file: 'Include/features/Clientes/ConsultarCliente.feature' was passed&#xD;
&#xD;
2019-10-31 15:05:29 - [MESSAGE][INFO] - Starting run keyword runFeatureFile: 'Include/features/Clientes/ConsultarCliente.feature' and extract report to folder: 'E:\CAF\Automatizacion\CAF1\Reports\20191031_150523\Clientes\Cliente\20191031_150523/cucumber_report/1572552329127'...&#xD;
&#xD;
2019-10-31 15:05:29 - [TEST_CASE][PASSED] - Start Test Case : SCENARIO Consultar cliente existente: SCENARIO Consultar cliente existente&#xD;
&#xD;
2019-10-31 15:05:29 - [TEST_STEP][PASSED] - El usuario ingresa a la página principal: El usuario ingresa a la página principal&#xD;
&#xD;
2019-10-31 15:05:29 - [MESSAGE][INFO] - Starting 'Chrome' driver&#xD;
&#xD;
2019-10-31 15:05:30 - [MESSAGE][INFO] - Action delay is set to 0 seconds&#xD;
&#xD;
2019-10-31 15:05:33 - [MESSAGE][PASSED] - Browser is opened with url: ''&#xD;
&#xD;
2019-10-31 15:05:35 - [MESSAGE][PASSED] - Navigate to 'http://smdessc01:4800/CAF.Tesoreria.Web/' successfully&#xD;
&#xD;
2019-10-31 15:05:35 - [MESSAGE][PASSED] - El usuario ingresa a la página principal&#xD;
&#xD;
2019-10-31 15:05:35 - [TEST_STEP][PASSED] - se ubica en la opción clientes: se ubica en la opción clientes&#xD;
&#xD;
2019-10-31 15:05:35 - [MESSAGE][PASSED] - Object: 'Object Repository/Clientes/a_Clientes' is clicked on&#xD;
&#xD;
2019-10-31 15:05:35 - [MESSAGE][PASSED] - se ubica en la opción clientes&#xD;
&#xD;
2019-10-31 15:05:35 - [TEST_STEP][PASSED] - digita el nombre del cliente a consultar Colombia en el campo búsqueda: digita el nombre del cliente a consultar Colombia en el campo búsqueda&#xD;
&#xD;
2019-10-31 15:05:35 - [MESSAGE][PASSED] - Object: 'Object Repository/Clientes/ConsultaCliente/input_Crear Cliente_txtBuscar' is clicked on&#xD;
&#xD;
2019-10-31 15:05:36 - [MESSAGE][PASSED] - Text 'Colombia' is set on object 'Object Repository/Clientes/ConsultaCliente/input_Crear Cliente_txtBuscar'&#xD;
&#xD;
2019-10-31 15:05:36 - [MESSAGE][PASSED] - digita el nombre del cliente a consultar Colombia en el campo búsqueda&#xD;
&#xD;
2019-10-31 15:05:36 - [TEST_STEP][PASSED] - presiona la tecla enter: presiona la tecla enter&#xD;
&#xD;
2019-10-31 15:05:36 - [MESSAGE][PASSED] - Keys 'ENTER + ' sent to object: 'Object Repository/Clientes/ConsultaCliente/input_Crear Cliente_txtBuscar'&#xD;
&#xD;
2019-10-31 15:05:36 - [MESSAGE][PASSED] - presiona la tecla enter&#xD;
&#xD;
2019-10-31 15:05:36 - [TEST_STEP][PASSED] - se visualiza el nombre del cliente Colombia en el resultado de la búsqueda: se visualiza el nombre del cliente Colombia en el resultado de la búsqueda&#xD;
&#xD;
2019-10-31 15:05:36 - [MESSAGE][PASSED] - Object 'Object Repository/Clientes/ConsultaCliente/ConsultaCliente_Existente/td_BBVCOL' is present&#xD;
&#xD;
2019-10-31 15:05:37 - [MESSAGE][PASSED] - Browser is closed&#xD;
&#xD;
2019-10-31 15:05:37 - [MESSAGE][PASSED] - se visualiza el nombre del cliente Colombia en el resultado de la búsqueda&#xD;
&#xD;
2019-10-31 15:05:37 - [TEST_CASE][PASSED] - Start Test Case : SCENARIO Consultar cliente no existente: SCENARIO Consultar cliente no existente&#xD;
&#xD;
2019-10-31 15:05:37 - [TEST_STEP][PASSED] - El usuario ingresa a la página principal: El usuario ingresa a la página principal&#xD;
&#xD;
2019-10-31 15:05:37 - [MESSAGE][INFO] - Starting 'Chrome' driver&#xD;
&#xD;
2019-10-31 15:05:39 - [MESSAGE][PASSED] - Browser is opened with url: ''&#xD;
&#xD;
2019-10-31 15:05:40 - [MESSAGE][PASSED] - Navigate to 'http://smdessc01:4800/CAF.Tesoreria.Web/' successfully&#xD;
&#xD;
2019-10-31 15:05:40 - [MESSAGE][PASSED] - El usuario ingresa a la página principal&#xD;
&#xD;
2019-10-31 15:05:40 - [TEST_STEP][PASSED] - se ubica en la opción clientes: se ubica en la opción clientes&#xD;
&#xD;
2019-10-31 15:05:41 - [MESSAGE][PASSED] - Object: 'Object Repository/Clientes/a_Clientes' is clicked on&#xD;
&#xD;
2019-10-31 15:05:41 - [MESSAGE][PASSED] - se ubica en la opción clientes&#xD;
&#xD;
2019-10-31 15:05:41 - [TEST_STEP][PASSED] - digita el nombre del cliente a consultar Juan en el campo búsqueda: digita el nombre del cliente a consultar Juan en el campo búsqueda&#xD;
&#xD;
2019-10-31 15:05:41 - [MESSAGE][PASSED] - Object: 'Object Repository/Clientes/ConsultaCliente/input_Crear Cliente_txtBuscar' is clicked on&#xD;
&#xD;
2019-10-31 15:05:42 - [MESSAGE][PASSED] - Text 'Juan' is set on object 'Object Repository/Clientes/ConsultaCliente/input_Crear Cliente_txtBuscar'&#xD;
&#xD;
2019-10-31 15:05:42 - [MESSAGE][PASSED] - digita el nombre del cliente a consultar Juan en el campo búsqueda&#xD;
&#xD;
2019-10-31 15:05:42 - [TEST_STEP][PASSED] - presiona la tecla enter: presiona la tecla enter&#xD;
&#xD;
2019-10-31 15:05:42 - [MESSAGE][PASSED] - Keys 'ENTER + ' sent to object: 'Object Repository/Clientes/ConsultaCliente/input_Crear Cliente_txtBuscar'&#xD;
&#xD;
2019-10-31 15:05:42 - [MESSAGE][PASSED] - presiona la tecla enter&#xD;
&#xD;
2019-10-31 15:05:42 - [TEST_STEP][PASSED] - se visualiza el mensaje No hay datos.: se visualiza el mensaje No hay datos.&#xD;
&#xD;
2019-10-31 15:05:42 - [MESSAGE][PASSED] - Object 'Object Repository/Clientes/ConsultaCliente/ConsultaCliente_NoExitoso/span_No hay datos' is present&#xD;
&#xD;
2019-10-31 15:05:42 - [MESSAGE][PASSED] - Browser is closed&#xD;
&#xD;
2019-10-31 15:05:42 - [MESSAGE][PASSED] - se visualiza el mensaje No hay datos.&#xD;
&#xD;
2019-10-31 15:05:43 - [MESSAGE][PASSED] - Feature file: 'Include/features/Clientes/ConsultarCliente.feature' was passed</system-out>
            <system-err></system-err>
        </testcase>
        <testcase name="Test Cases/Clientes/CrearCliente" classname="Test Cases/Clientes/CrearCliente" status="PASSED">
            <system-out>2019-10-31 15:05:43 - [TEST_CASE][PASSED] - Test Cases/Clientes/CrearCliente: Test Cases/Clientes/CrearCliente&#xD;
&#xD;
2019-10-31 15:05:43 - [TEST_STEP][PASSED] - runFeatureFile("Include/features/Clientes/CrearCliente.feature"): Feature file: 'Include/features/Clientes/CrearCliente.feature' was passed&#xD;
&#xD;
2019-10-31 15:05:43 - [MESSAGE][INFO] - Starting run keyword runFeatureFile: 'Include/features/Clientes/CrearCliente.feature' and extract report to folder: 'E:\CAF\Automatizacion\CAF1\Reports\20191031_150523\Clientes\Cliente\20191031_150523/cucumber_report/1572552343284'...&#xD;
&#xD;
2019-10-31 15:05:43 - [TEST_CASE][PASSED] - Start Test Case : SCENARIO Ir a crear cliente: SCENARIO Ir a crear cliente&#xD;
&#xD;
2019-10-31 15:05:43 - [TEST_STEP][PASSED] - El usuario ingresa a la página principal: El usuario ingresa a la página principal&#xD;
&#xD;
2019-10-31 15:05:43 - [MESSAGE][INFO] - Starting 'Chrome' driver&#xD;
&#xD;
2019-10-31 15:05:46 - [MESSAGE][PASSED] - Browser is opened with url: ''&#xD;
&#xD;
2019-10-31 15:05:46 - [MESSAGE][PASSED] - Navigate to 'http://smdessc01:4800/CAF.Tesoreria.Web/' successfully&#xD;
&#xD;
2019-10-31 15:05:46 - [MESSAGE][PASSED] - El usuario ingresa a la página principal&#xD;
&#xD;
2019-10-31 15:05:46 - [TEST_STEP][PASSED] - se ubica en la opción clientes: se ubica en la opción clientes&#xD;
&#xD;
2019-10-31 15:05:47 - [MESSAGE][PASSED] - Object: 'Object Repository/Clientes/a_Clientes' is clicked on&#xD;
&#xD;
2019-10-31 15:05:47 - [MESSAGE][PASSED] - se ubica en la opción clientes&#xD;
&#xD;
2019-10-31 15:05:47 - [TEST_STEP][PASSED] - da clic en el link Crear cliente: da clic en el link Crear cliente&#xD;
&#xD;
2019-10-31 15:05:48 - [MESSAGE][PASSED] - Object: 'Object Repository/Page_Bandeja de Clientes - Contactos de Tesorera/a_Crear Cliente' is clicked on&#xD;
&#xD;
2019-10-31 15:05:48 - [MESSAGE][PASSED] - da clic en el link Crear cliente&#xD;
&#xD;
2019-10-31 15:05:48 - [TEST_STEP][PASSED] - el sistema muestra el formulario Crear Cliente: el sistema muestra el formulario Crear Cliente&#xD;
&#xD;
2019-10-31 15:05:48 - [MESSAGE][WARNING] - Timeout '0' is invalid. Using default page load timeout: '30'&#xD;
&#xD;
2019-10-31 15:05:48 - [MESSAGE][PASSED] - Object 'Object Repository/CrearCliente/Page_Crear Cliente - Contactos de Tesorera/h1_Crear Cliente' is present&#xD;
&#xD;
2019-10-31 15:05:48 - [MESSAGE][PASSED] - el sistema muestra el formulario Crear Cliente&#xD;
&#xD;
2019-10-31 15:05:48 - [TEST_CASE][PASSED] - Start Test Case : SCENARIO Crear cliente: SCENARIO Crear cliente&#xD;
&#xD;
2019-10-31 15:05:48 - [TEST_STEP][PASSED] - El usuario ingresa a la opción Crear Cliente: El usuario ingresa a la opción Crear Cliente&#xD;
&#xD;
2019-10-31 15:05:48 - [MESSAGE][WARNING] - Timeout '0' is invalid. Using default page load timeout: '30'&#xD;
&#xD;
2019-10-31 15:05:48 - [MESSAGE][PASSED] - Object 'Object Repository/CrearCliente/Page_Crear Cliente - Contactos de Tesorera/h1_Crear Cliente' is present&#xD;
&#xD;
2019-10-31 15:05:48 - [MESSAGE][PASSED] - El usuario ingresa a la opción Crear Cliente&#xD;
&#xD;
2019-10-31 15:05:48 - [TEST_STEP][PASSED] - digita el nombre del cliente a crear Liliana: digita el nombre del cliente a crear Liliana&#xD;
&#xD;
2019-10-31 15:05:49 - [MESSAGE][PASSED] - Object: 'Object Repository/CrearCliente/Page_Crear Cliente - Contactos de Tesorera/Page_Crear Cliente - Contactos de Tesorera/input_Nombre Cliente_Nombre' is clicked on&#xD;
&#xD;
2019-10-31 15:05:49 - [MESSAGE][PASSED] - Text ' Liliana' is set on object 'Object Repository/CrearCliente/Page_Crear Cliente - Contactos de Tesorera/Page_Crear Cliente - Contactos de Tesorera/input_Nombre Cliente_Nombre'&#xD;
&#xD;
2019-10-31 15:05:49 - [MESSAGE][PASSED] - digita el nombre del cliente a crear Liliana&#xD;
&#xD;
2019-10-31 15:05:49 - [TEST_STEP][PASSED] - digita el BBG Broker ID 5: digita el BBG Broker ID 5&#xD;
&#xD;
2019-10-31 15:05:49 - [MESSAGE][PASSED] - Text ' 5' is set on object 'Object Repository/CrearCliente/input_BBG Broker ID_Sigla'&#xD;
&#xD;
2019-10-31 15:05:49 - [MESSAGE][PASSED] - digita el BBG Broker ID 5&#xD;
&#xD;
2019-10-31 15:05:49 - [TEST_STEP][PASSED] - selecciona la modalidad de cliente disponible: selecciona la modalidad de cliente disponible&#xD;
&#xD;
2019-10-31 15:05:49 - [MESSAGE][PASSED] - Object: 'Object Repository/CrearCliente/Create/Page_Crear Cliente - Contactos de Tesorera/a_Modalidades Cliente Disponibles_k-button k-button-icon' is clicked on&#xD;
&#xD;
2019-10-31 15:05:49 - [MESSAGE][PASSED] - selecciona la modalidad de cliente disponible&#xD;
&#xD;
2019-10-31 15:05:49 - [TEST_STEP][PASSED] - selecciona el producto disponible: selecciona el producto disponible&#xD;
&#xD;
2019-10-31 15:05:49 - [MESSAGE][PASSED] - Object: 'Object Repository/CrearCliente/Create/Page_Crear Cliente - Contactos de Tesorera/span_Productos Disponibles_k-icon k-i-arrow-double-60-right' is clicked on&#xD;
&#xD;
2019-10-31 15:05:49 - [MESSAGE][PASSED] - selecciona el producto disponible&#xD;
&#xD;
2019-10-31 15:05:49 - [TEST_STEP][PASSED] - se da clic en el botón Guardar: se da clic en el botón Guardar&#xD;
&#xD;
2019-10-31 15:05:50 - [MESSAGE][PASSED] - Object: 'Object Repository/CrearCliente/Create/Page_Crear Cliente - Contactos de Tesorera/input_Campo Opcional_btnGuardar' is clicked on&#xD;
&#xD;
2019-10-31 15:06:40 - [MESSAGE][PASSED] - Delayed 50 second(s)&#xD;
&#xD;
2019-10-31 15:06:40 - [MESSAGE][PASSED] - se da clic en el botón Guardar&#xD;
&#xD;
2019-10-31 15:06:40 - [TEST_STEP][PASSED] - el sistema guarda la información del cliente: el sistema guarda la información del cliente&#xD;
&#xD;
2019-10-31 15:07:30 - [MESSAGE][PASSED] - Delayed 50 second(s)&#xD;
&#xD;
2019-10-31 15:07:31 - [MESSAGE][PASSED] - Browser is closed&#xD;
&#xD;
2019-10-31 15:07:31 - [MESSAGE][PASSED] - el sistema guarda la información del cliente&#xD;
&#xD;
2019-10-31 15:07:31 - [TEST_CASE][PASSED] - Start Test Case : SCENARIO Cancelar la creación de un cliente: SCENARIO Cancelar la creación de un cliente&#xD;
&#xD;
2019-10-31 15:07:31 - [TEST_STEP][PASSED] - El usuario ingresa a la página principal: El usuario ingresa a la página principal&#xD;
&#xD;
2019-10-31 15:07:31 - [MESSAGE][INFO] - Starting 'Chrome' driver&#xD;
&#xD;
2019-10-31 15:07:33 - [MESSAGE][PASSED] - Browser is opened with url: ''&#xD;
&#xD;
2019-10-31 15:07:34 - [MESSAGE][PASSED] - Navigate to 'http://smdessc01:4800/CAF.Tesoreria.Web/' successfully&#xD;
&#xD;
2019-10-31 15:07:34 - [MESSAGE][PASSED] - El usuario ingresa a la página principal&#xD;
&#xD;
2019-10-31 15:07:34 - [TEST_STEP][PASSED] - se ubica en la opción clientes: se ubica en la opción clientes&#xD;
&#xD;
2019-10-31 15:07:35 - [MESSAGE][PASSED] - Object: 'Object Repository/Clientes/a_Clientes' is clicked on&#xD;
&#xD;
2019-10-31 15:07:35 - [MESSAGE][PASSED] - se ubica en la opción clientes&#xD;
&#xD;
2019-10-31 15:07:35 - [TEST_STEP][PASSED] - da clic en el link Crear cliente: da clic en el link Crear cliente&#xD;
&#xD;
2019-10-31 15:07:36 - [MESSAGE][PASSED] - Object: 'Object Repository/Page_Bandeja de Clientes - Contactos de Tesorera/a_Crear Cliente' is clicked on&#xD;
&#xD;
2019-10-31 15:07:36 - [MESSAGE][PASSED] - da clic en el link Crear cliente&#xD;
&#xD;
2019-10-31 15:07:36 - [TEST_STEP][PASSED] - presiona el botón Regresar: presiona el botón Regresar&#xD;
&#xD;
2019-10-31 15:07:36 - [MESSAGE][PASSED] - presiona el botón Regresar&#xD;
&#xD;
2019-10-31 15:07:36 - [TEST_STEP][PASSED] - se visualiza nuevamente la página principal: se visualiza nuevamente la página principal&#xD;
&#xD;
2019-10-31 15:07:36 - [MESSAGE][PASSED] - Object: 'Object Repository/Clientes/a_Clientes' is clicked on&#xD;
&#xD;
2019-10-31 15:07:36 - [MESSAGE][PASSED] - se visualiza nuevamente la página principal&#xD;
&#xD;
2019-10-31 15:07:36 - [TEST_CASE][PASSED] - Start Test Case : SCENARIO Validación campos requeridos: SCENARIO Validación campos requeridos&#xD;
&#xD;
2019-10-31 15:07:36 - [TEST_STEP][PASSED] - El usuario ingresa a la página principal: El usuario ingresa a la página principal&#xD;
&#xD;
2019-10-31 15:07:36 - [MESSAGE][WARNING] - A browser is already opened. Closing browser and opening a new one&#xD;
&#xD;
2019-10-31 15:07:37 - [MESSAGE][INFO] - Starting 'Chrome' driver&#xD;
&#xD;
2019-10-31 15:07:40 - [MESSAGE][PASSED] - Browser is opened with url: ''&#xD;
&#xD;
2019-10-31 15:07:41 - [MESSAGE][PASSED] - Navigate to 'http://smdessc01:4800/CAF.Tesoreria.Web/' successfully&#xD;
&#xD;
2019-10-31 15:07:41 - [MESSAGE][PASSED] - El usuario ingresa a la página principal&#xD;
&#xD;
2019-10-31 15:07:41 - [TEST_STEP][PASSED] - se ubica en la opción clientes: se ubica en la opción clientes&#xD;
&#xD;
2019-10-31 15:07:41 - [MESSAGE][PASSED] - Object: 'Object Repository/Clientes/a_Clientes' is clicked on&#xD;
&#xD;
2019-10-31 15:07:41 - [MESSAGE][PASSED] - se ubica en la opción clientes&#xD;
&#xD;
2019-10-31 15:07:41 - [TEST_STEP][PASSED] - da clic en el link Crear cliente: da clic en el link Crear cliente&#xD;
&#xD;
2019-10-31 15:07:42 - [MESSAGE][PASSED] - Object: 'Object Repository/Page_Bandeja de Clientes - Contactos de Tesorera/a_Crear Cliente' is clicked on&#xD;
&#xD;
2019-10-31 15:07:42 - [MESSAGE][PASSED] - da clic en el link Crear cliente&#xD;
&#xD;
2019-10-31 15:07:42 - [TEST_STEP][PASSED] - presiona el botón Guardar: presiona el botón Guardar&#xD;
&#xD;
2019-10-31 15:07:42 - [MESSAGE][PASSED] - Object: 'Object Repository/CrearCliente/Page_Crear Cliente - Contactos de Tesorera/input_Campo Opcional_btnGuardar' is clicked on&#xD;
&#xD;
2019-10-31 15:07:42 - [MESSAGE][PASSED] - presiona el botón Guardar&#xD;
&#xD;
2019-10-31 15:07:42 - [TEST_STEP][PASSED] - Se visualizan los mensajes de validación: Se visualizan los mensajes de validación&#xD;
&#xD;
2019-10-31 15:07:43 - [MESSAGE][PASSED] - Browser is closed&#xD;
&#xD;
2019-10-31 15:07:43 - [MESSAGE][PASSED] - Se visualizan los mensajes de validación&#xD;
&#xD;
2019-10-31 15:07:43 - [MESSAGE][PASSED] - Feature file: 'Include/features/Clientes/CrearCliente.feature' was passed</system-out>
            <system-err></system-err>
        </testcase>
        <testcase name="Test Cases/Clientes/ModificarCLiente" classname="Test Cases/Clientes/ModificarCLiente" status="FAILED">
            <failure type="FAILED" message="Test Cases/Clientes/ModificarCLiente FAILED.&#xA;Reason:&#xA;com.kms.katalon.core.exception.StepFailedException: Feature file 'Include/features/Clientes/ModificarCliente.feature' was failed&#xD;&#xA;&#x9;at com.kms.katalon.core.keyword.internal.KeywordMain.stepFailed(KeywordMain.groovy:50)&#xD;&#xA;&#x9;at com.kms.katalon.core.keyword.internal.KeywordMain.stepFailed(KeywordMain.groovy)&#xD;&#xA;&#x9;at com.kms.katalon.core.keyword.internal.KeywordMain.stepFailed(KeywordMain.groovy:23)&#xD;&#xA;&#x9;at com.kms.katalon.core.keyword.internal.KeywordMain$stepFailed$0.call(Unknown Source)&#xD;&#xA;&#x9;at com.kms.katalon.core.cucumber.keyword.CucumberBuiltinKeywords$_runFeatureFile_closure1.doCall(CucumberBuiltinKeywords.groovy:82)&#xD;&#xA;&#x9;at com.kms.katalon.core.cucumber.keyword.CucumberBuiltinKeywords$_runFeatureFile_closure1.doCall(CucumberBuiltinKeywords.groovy)&#xD;&#xA;&#x9;at com.kms.katalon.core.keyword.internal.KeywordMain.runKeyword(KeywordMain.groovy:68)&#xD;&#xA;&#x9;at com.kms.katalon.core.keyword.internal.KeywordMain$runKeyword.call(Unknown Source)&#xD;&#xA;&#x9;at com.kms.katalon.core.cucumber.keyword.CucumberBuiltinKeywords.runFeatureFile(CucumberBuiltinKeywords.groovy:46)&#xD;&#xA;&#x9;at com.kms.katalon.core.cucumber.keyword.CucumberBuiltinKeywords$runFeatureFile$0.callStatic(Unknown Source)&#xD;&#xA;&#x9;at com.kms.katalon.core.cucumber.keyword.CucumberBuiltinKeywords.runFeatureFile(CucumberBuiltinKeywords.groovy:101)&#xD;&#xA;&#x9;at com.kms.katalon.core.cucumber.keyword.CucumberBuiltinKeywords$runFeatureFile.call(Unknown Source)&#xD;&#xA;&#x9;at ModificarCLiente.run(ModificarCLiente:51)&#xD;&#xA;&#x9;at com.kms.katalon.core.main.ScriptEngine.run(ScriptEngine.java:194)&#xD;&#xA;&#x9;at com.kms.katalon.core.main.ScriptEngine.runScriptAsRawText(ScriptEngine.java:119)&#xD;&#xA;&#x9;at com.kms.katalon.core.main.TestCaseExecutor.runScript(TestCaseExecutor.java:337)&#xD;&#xA;&#x9;at com.kms.katalon.core.main.TestCaseExecutor.doExecute(TestCaseExecutor.java:328)&#xD;&#xA;&#x9;at com.kms.katalon.core.main.TestCaseExecutor.processExecutionPhase(TestCaseExecutor.java:307)&#xD;&#xA;&#x9;at com.kms.katalon.core.main.TestCaseExecutor.accessMainPhase(TestCaseExecutor.java:299)&#xD;&#xA;&#x9;at com.kms.katalon.core.main.TestCaseExecutor.execute(TestCaseExecutor.java:233)&#xD;&#xA;&#x9;at com.kms.katalon.core.main.TestSuiteExecutor.accessTestCaseMainPhase(TestSuiteExecutor.java:169)&#xD;&#xA;&#x9;at com.kms.katalon.core.main.TestSuiteExecutor.accessTestSuiteMainPhase(TestSuiteExecutor.java:142)&#xD;&#xA;&#x9;at com.kms.katalon.core.main.TestSuiteExecutor.execute(TestSuiteExecutor.java:91)&#xD;&#xA;&#x9;at com.kms.katalon.core.main.TestCaseMain.startTestSuite(TestCaseMain.java:157)&#xD;&#xA;&#x9;at com.kms.katalon.core.main.TestCaseMain$startTestSuite$0.call(Unknown Source)&#xD;&#xA;&#x9;at TempTestSuite1572552323824.run(TempTestSuite1572552323824.groovy:35)&#xD;&#xA;"/>
            <system-out>2019-10-31 15:07:43 - [TEST_CASE][FAILED] - Test Cases/Clientes/ModificarCLiente: Test Cases/Clientes/ModificarCLiente FAILED.
Reason:
com.kms.katalon.core.exception.StepFailedException: Feature file 'Include/features/Clientes/ModificarCliente.feature' was failed&#xD;
	at com.kms.katalon.core.keyword.internal.KeywordMain.stepFailed(KeywordMain.groovy:50)&#xD;
	at com.kms.katalon.core.keyword.internal.KeywordMain.stepFailed(KeywordMain.groovy)&#xD;
	at com.kms.katalon.core.keyword.internal.KeywordMain.stepFailed(KeywordMain.groovy:23)&#xD;
	at com.kms.katalon.core.keyword.internal.KeywordMain$stepFailed$0.call(Unknown Source)&#xD;
	at com.kms.katalon.core.cucumber.keyword.CucumberBuiltinKeywords$_runFeatureFile_closure1.doCall(CucumberBuiltinKeywords.groovy:82)&#xD;
	at com.kms.katalon.core.cucumber.keyword.CucumberBuiltinKeywords$_runFeatureFile_closure1.doCall(CucumberBuiltinKeywords.groovy)&#xD;
	at com.kms.katalon.core.keyword.internal.KeywordMain.runKeyword(KeywordMain.groovy:68)&#xD;
	at com.kms.katalon.core.keyword.internal.KeywordMain$runKeyword.call(Unknown Source)&#xD;
	at com.kms.katalon.core.cucumber.keyword.CucumberBuiltinKeywords.runFeatureFile(CucumberBuiltinKeywords.groovy:46)&#xD;
	at com.kms.katalon.core.cucumber.keyword.CucumberBuiltinKeywords$runFeatureFile$0.callStatic(Unknown Source)&#xD;
	at com.kms.katalon.core.cucumber.keyword.CucumberBuiltinKeywords.runFeatureFile(CucumberBuiltinKeywords.groovy:101)&#xD;
	at com.kms.katalon.core.cucumber.keyword.CucumberBuiltinKeywords$runFeatureFile.call(Unknown Source)&#xD;
	at ModificarCLiente.run(ModificarCLiente:51)&#xD;
	at com.kms.katalon.core.main.ScriptEngine.run(ScriptEngine.java:194)&#xD;
	at com.kms.katalon.core.main.ScriptEngine.runScriptAsRawText(ScriptEngine.java:119)&#xD;
	at com.kms.katalon.core.main.TestCaseExecutor.runScript(TestCaseExecutor.java:337)&#xD;
	at com.kms.katalon.core.main.TestCaseExecutor.doExecute(TestCaseExecutor.java:328)&#xD;
	at com.kms.katalon.core.main.TestCaseExecutor.processExecutionPhase(TestCaseExecutor.java:307)&#xD;
	at com.kms.katalon.core.main.TestCaseExecutor.accessMainPhase(TestCaseExecutor.java:299)&#xD;
	at com.kms.katalon.core.main.TestCaseExecutor.execute(TestCaseExecutor.java:233)&#xD;
	at com.kms.katalon.core.main.TestSuiteExecutor.accessTestCaseMainPhase(TestSuiteExecutor.java:169)&#xD;
	at com.kms.katalon.core.main.TestSuiteExecutor.accessTestSuiteMainPhase(TestSuiteExecutor.java:142)&#xD;
	at com.kms.katalon.core.main.TestSuiteExecutor.execute(TestSuiteExecutor.java:91)&#xD;
	at com.kms.katalon.core.main.TestCaseMain.startTestSuite(TestCaseMain.java:157)&#xD;
	at com.kms.katalon.core.main.TestCaseMain$startTestSuite$0.call(Unknown Source)&#xD;
	at TempTestSuite1572552323824.run(TempTestSuite1572552323824.groovy:35)&#xD;
&#xD;
&#xD;
2019-10-31 15:07:43 - [TEST_STEP][FAILED] - runFeatureFile("Include/features/Clientes/ModificarCliente.feature"): Keyword runFeatureFile was failed (Root cause: com.kms.katalon.core.exception.StepFailedException: Feature file 'Include/features/Clientes/ModificarCliente.feature' was failed&#xD;
	at com.kms.katalon.core.keyword.internal.KeywordMain.stepFailed(KeywordMain.groovy:50)&#xD;
	at com.kms.katalon.core.keyword.internal.KeywordMain.stepFailed(KeywordMain.groovy)&#xD;
	at com.kms.katalon.core.keyword.internal.KeywordMain.stepFailed(KeywordMain.groovy:23)&#xD;
	at com.kms.katalon.core.keyword.internal.KeywordMain$stepFailed$0.call(Unknown Source)&#xD;
	at com.kms.katalon.core.cucumber.keyword.CucumberBuiltinKeywords$_runFeatureFile_closure1.doCall(CucumberBuiltinKeywords.groovy:82)&#xD;
	at com.kms.katalon.core.cucumber.keyword.CucumberBuiltinKeywords$_runFeatureFile_closure1.doCall(CucumberBuiltinKeywords.groovy)&#xD;
	at com.kms.katalon.core.keyword.internal.KeywordMain.runKeyword(KeywordMain.groovy:68)&#xD;
	at com.kms.katalon.core.keyword.internal.KeywordMain$runKeyword.call(Unknown Source)&#xD;
	at com.kms.katalon.core.cucumber.keyword.CucumberBuiltinKeywords.runFeatureFile(CucumberBuiltinKeywords.groovy:46)&#xD;
	at com.kms.katalon.core.cucumber.keyword.CucumberBuiltinKeywords$runFeatureFile$0.callStatic(Unknown Source)&#xD;
	at com.kms.katalon.core.cucumber.keyword.CucumberBuiltinKeywords.runFeatureFile(CucumberBuiltinKeywords.groovy:101)&#xD;
	at com.kms.katalon.core.cucumber.keyword.CucumberBuiltinKeywords$runFeatureFile.call(Unknown Source)&#xD;
	at ModificarCLiente.run(ModificarCLiente:51)&#xD;
	at com.kms.katalon.core.main.ScriptEngine.run(ScriptEngine.java:194)&#xD;
	at com.kms.katalon.core.main.ScriptEngine.runScriptAsRawText(ScriptEngine.java:119)&#xD;
	at com.kms.katalon.core.main.TestCaseExecutor.runScript(TestCaseExecutor.java:337)&#xD;
	at com.kms.katalon.core.main.TestCaseExecutor.doExecute(TestCaseExecutor.java:328)&#xD;
	at com.kms.katalon.core.main.TestCaseExecutor.processExecutionPhase(TestCaseExecutor.java:307)&#xD;
	at com.kms.katalon.core.main.TestCaseExecutor.accessMainPhase(TestCaseExecutor.java:299)&#xD;
	at com.kms.katalon.core.main.TestCaseExecutor.execute(TestCaseExecutor.java:233)&#xD;
	at com.kms.katalon.core.main.TestSuiteExecutor.accessTestCaseMainPhase(TestSuiteExecutor.java:169)&#xD;
	at com.kms.katalon.core.main.TestSuiteExecutor.accessTestSuiteMainPhase(TestSuiteExecutor.java:142)&#xD;
	at com.kms.katalon.core.main.TestSuiteExecutor.execute(TestSuiteExecutor.java:91)&#xD;
	at com.kms.katalon.core.main.TestCaseMain.startTestSuite(TestCaseMain.java:157)&#xD;
	at com.kms.katalon.core.main.TestCaseMain$startTestSuite$0.call(Unknown Source)&#xD;
	at TempTestSuite1572552323824.run(TempTestSuite1572552323824.groovy:35)&#xD;
)&#xD;
&#xD;
2019-10-31 15:07:43 - [MESSAGE][INFO] - Starting run keyword runFeatureFile: 'Include/features/Clientes/ModificarCliente.feature' and extract report to folder: 'E:\CAF\Automatizacion\CAF1\Reports\20191031_150523\Clientes\Cliente\20191031_150523/cucumber_report/1572552463584'...&#xD;
&#xD;
2019-10-31 15:07:43 - [TEST_CASE][FAILED] - Start Test Case : SCENARIO Modificar cliente: SCENARIO Modificar cliente FAILED.
Reason:
com.kms.katalon.core.exception.StepFailedException: Unable to click on object 'Object Repository/ModificarCliente/Page_Detalle - Modificar Cliente - Contactos de Tesorera/input_NombreCliente_Nombre'&#xD;
	at com.kms.katalon.core.webui.keyword.internal.WebUIKeywordMain.stepFailed(WebUIKeywordMain.groovy:64)&#xD;
	at com.kms.katalon.core.webui.keyword.internal.WebUIKeywordMain.runKeyword(WebUIKeywordMain.groovy:26)&#xD;
	at com.kms.katalon.core.webui.keyword.builtin.ClickKeyword.click(ClickKeyword.groovy:86)&#xD;
	at com.kms.katalon.core.webui.keyword.builtin.ClickKeyword.execute(ClickKeyword.groovy:67)&#xD;
	at com.kms.katalon.core.keyword.internal.KeywordExecutor.executeKeywordForPlatform(KeywordExecutor.groovy:56)&#xD;
	at com.kms.katalon.core.webui.keyword.WebUiBuiltInKeywords.click(WebUiBuiltInKeywords.groovy:616)&#xD;
	at com.kms.katalon.core.webui.keyword.WebUiBuiltInKeywords$click$1.call(Unknown Source)&#xD;
	at clientes.ModificarCliente.actualiza_el_nombre_del_cliente(ModificarCliente.groovy:72)&#xD;
	at ✽.actualiza el nombre del cliente Colombia(E:/CAF/Automatizacion/CAF1/Include/features/Clientes/ModificarCliente.feature:14)&#xD;
Caused by: com.kms.katalon.core.webui.exception.WebElementNotFoundException: Web element with id: 'Object Repository/ModificarCliente/Page_Detalle - Modificar Cliente - Contactos de Tesorera/input_NombreCliente_Nombre' located by 'By.xpath: id("Nombre")[count(. | //*[@value = 'BBVA Colombia']) = count(//*[@value = 'BBVA Colombia'])]' not found&#xD;
	at com.kms.katalon.core.webui.common.WebUiCommonHelper.findWebElement(WebUiCommonHelper.java:1097)&#xD;
	at com.kms.katalon.core.webui.keyword.internal.WebUIAbstractKeyword.findWebElement(WebUIAbstractKeyword.groovy:27)&#xD;
	at com.kms.katalon.core.webui.keyword.internal.WebUIAbstractKeyword.findWebElement(WebUIAbstractKeyword.groovy:26)&#xD;
	at com.kms.katalon.core.webui.keyword.builtin.ClickKeyword$_click_closure1.doCall(ClickKeyword.groovy:77)&#xD;
	at com.kms.katalon.core.webui.keyword.builtin.ClickKeyword$_click_closure1.call(ClickKeyword.groovy)&#xD;
	at com.kms.katalon.core.webui.keyword.internal.WebUIKeywordMain.runKeyword(WebUIKeywordMain.groovy:20)&#xD;
	at com.kms.katalon.core.webui.keyword.builtin.ClickKeyword.click(ClickKeyword.groovy:86)&#xD;
	at com.kms.katalon.core.webui.keyword.builtin.ClickKeyword.execute(ClickKeyword.groovy:67)&#xD;
	at com.kms.katalon.core.keyword.internal.KeywordExecutor.executeKeywordForPlatform(KeywordExecutor.groovy:56)&#xD;
	at com.kms.katalon.core.webui.keyword.WebUiBuiltInKeywords.click(WebUiBuiltInKeywords.groovy:616)&#xD;
	at com.kms.katalon.core.webui.keyword.WebUiBuiltInKeywords$click$1.call(Unknown Source)&#xD;
	at clientes.ModificarCliente.actualiza_el_nombre_del_cliente(ModificarCliente.groovy:72)&#xD;
	at cucumber.runtime.Utils$1.call(Utils.java:26)&#xD;
	at cucumber.runtime.Timeout.timeout(Timeout.java:16)&#xD;
	at cucumber.runtime.Utils.invoke(Utils.java:20)&#xD;
	at cucumber.runtime.java.JavaStepDefinition.execute(JavaStepDefinition.java:48)&#xD;
	at cucumber.runtime.PickleStepDefinitionMatch.runStep(PickleStepDefinitionMatch.java:50)&#xD;
	at cucumber.runner.TestStep.executeStep(TestStep.java:55)&#xD;
	at cucumber.runner.TestStep.run(TestStep.java:42)&#xD;
	at cucumber.runner.PickleStepTestStep.run(PickleStepTestStep.java:53)&#xD;
	at cucumber.runner.TestCase.run(TestCase.java:47)&#xD;
	at cucumber.runner.Runner.runPickle(Runner.java:44)&#xD;
	at cucumber.runtime.Runtime.runFeature(Runtime.java:120)&#xD;
	at cucumber.runtime.Runtime.run(Runtime.java:106)&#xD;
	at cucumber.api.cli.Main.run(Main.java:35)&#xD;
	at cucumber.api.cli.Main$run.call(Unknown Source)&#xD;
	at com.kms.katalon.core.cucumber.keyword.CucumberBuiltinKeywords$_runFeatureFile_closure1.doCall(CucumberBuiltinKeywords.groovy:76)&#xD;
	at com.kms.katalon.core.cucumber.keyword.CucumberBuiltinKeywords$_runFeatureFile_closure1.doCall(CucumberBuiltinKeywords.groovy)&#xD;
	at com.kms.katalon.core.keyword.internal.KeywordMain.runKeyword(KeywordMain.groovy:68)&#xD;
	at com.kms.katalon.core.keyword.internal.KeywordMain$runKeyword.call(Unknown Source)&#xD;
	at com.kms.katalon.core.cucumber.keyword.CucumberBuiltinKeywords.runFeatureFile(CucumberBuiltinKeywords.groovy:46)&#xD;
	at com.kms.katalon.core.cucumber.keyword.CucumberBuiltinKeywords$runFeatureFile$0.callStatic(Unknown Source)&#xD;
	at com.kms.katalon.core.cucumber.keyword.CucumberBuiltinKeywords.runFeatureFile(CucumberBuiltinKeywords.groovy:101)&#xD;
	at com.kms.katalon.core.cucumber.keyword.CucumberBuiltinKeywords$runFeatureFile.call(Unknown Source)&#xD;
	at ModificarCLiente.run(ModificarCLiente:51)&#xD;
	at com.kms.katalon.core.main.ScriptEngine.run(ScriptEngine.java:194)&#xD;
	at com.kms.katalon.core.main.ScriptEngine.runScriptAsRawText(ScriptEngine.java:119)&#xD;
	at com.kms.katalon.core.main.TestCaseExecutor.runScript(TestCaseExecutor.java:337)&#xD;
	at com.kms.katalon.core.main.TestCaseExecutor.doExecute(TestCaseExecutor.java:328)&#xD;
	at com.kms.katalon.core.main.TestCaseExecutor.processExecutionPhase(TestCaseExecutor.java:307)&#xD;
	at com.kms.katalon.core.main.TestCaseExecutor.accessMainPhase(TestCaseExecutor.java:299)&#xD;
	at com.kms.katalon.core.main.TestCaseExecutor.execute(TestCaseExecutor.java:233)&#xD;
	at com.kms.katalon.core.main.TestSuiteExecutor.accessTestCaseMainPhase(TestSuiteExecutor.java:169)&#xD;
	at com.kms.katalon.core.main.TestSuiteExecutor.accessTestSuiteMainPhase(TestSuiteExecutor.java:142)&#xD;
	at com.kms.katalon.core.main.TestSuiteExecutor.execute(TestSuiteExecutor.java:91)&#xD;
	at com.kms.katalon.core.main.TestCaseMain.startTestSuite(TestCaseMain.java:157)&#xD;
	at com.kms.katalon.core.main.TestCaseMain$startTestSuite$0.call(Unknown Source)&#xD;
	at TempTestSuite1572552323824.run(TempTestSuite1572552323824.groovy:35)&#xD;
&#xD;
&#xD;
2019-10-31 15:07:43 - [TEST_STEP][PASSED] - El usuario ingresa a la página principal: El usuario ingresa a la página principal&#xD;
&#xD;
2019-10-31 15:07:43 - [MESSAGE][INFO] - Starting 'Chrome' driver&#xD;
&#xD;
2019-10-31 15:07:46 - [MESSAGE][PASSED] - Browser is opened with url: ''&#xD;
&#xD;
2019-10-31 15:07:47 - [MESSAGE][PASSED] - Navigate to 'http://smdessc01:4800/CAF.Tesoreria.Web/' successfully&#xD;
&#xD;
2019-10-31 15:07:47 - [MESSAGE][PASSED] - El usuario ingresa a la página principal&#xD;
&#xD;
2019-10-31 15:07:47 - [TEST_STEP][PASSED] - se ubica en la opción clientes: se ubica en la opción clientes&#xD;
&#xD;
2019-10-31 15:07:47 - [MESSAGE][PASSED] - Object: 'Object Repository/Clientes/a_Clientes' is clicked on&#xD;
&#xD;
2019-10-31 15:07:47 - [MESSAGE][PASSED] - se ubica en la opción clientes&#xD;
&#xD;
2019-10-31 15:07:47 - [TEST_STEP][PASSED] - El usuario da clic sobre el nombre del cliente: El usuario da clic sobre el nombre del cliente&#xD;
&#xD;
2019-10-31 15:07:48 - [MESSAGE][PASSED] - Object: 'Object Repository/ModificarCliente/Page_BandejaClientesContactosTesorera/a_BBVA Colombia' is clicked on&#xD;
&#xD;
2019-10-31 15:07:48 - [MESSAGE][PASSED] - El usuario da clic sobre el nombre del cliente&#xD;
&#xD;
2019-10-31 15:07:48 - [TEST_STEP][PASSED] - da clic sobre la opción Modificar: da clic sobre la opción Modificar&#xD;
&#xD;
2019-10-31 15:07:49 - [MESSAGE][PASSED] - Object: 'Object Repository/ModificarCliente/Page_Detalle de Cliente - Contactos de Tesorera/a_Modificar' is clicked on&#xD;
&#xD;
2019-10-31 15:07:49 - [MESSAGE][PASSED] - da clic sobre la opción Modificar&#xD;
&#xD;
2019-10-31 15:07:49 - [TEST_STEP][FAILED] - actualiza el nombre del cliente Colombia: actualiza el nombre del cliente Colombia FAILED.
Reason:
com.kms.katalon.core.exception.StepFailedException: Unable to click on object 'Object Repository/ModificarCliente/Page_Detalle - Modificar Cliente - Contactos de Tesorera/input_NombreCliente_Nombre'&#xD;
	at com.kms.katalon.core.webui.keyword.internal.WebUIKeywordMain.stepFailed(WebUIKeywordMain.groovy:64)&#xD;
	at com.kms.katalon.core.webui.keyword.internal.WebUIKeywordMain.runKeyword(WebUIKeywordMain.groovy:26)&#xD;
	at com.kms.katalon.core.webui.keyword.builtin.ClickKeyword.click(ClickKeyword.groovy:86)&#xD;
	at com.kms.katalon.core.webui.keyword.builtin.ClickKeyword.execute(ClickKeyword.groovy:67)&#xD;
	at com.kms.katalon.core.keyword.internal.KeywordExecutor.executeKeywordForPlatform(KeywordExecutor.groovy:56)&#xD;
	at com.kms.katalon.core.webui.keyword.WebUiBuiltInKeywords.click(WebUiBuiltInKeywords.groovy:616)&#xD;
	at com.kms.katalon.core.webui.keyword.WebUiBuiltInKeywords$click$1.call(Unknown Source)&#xD;
	at clientes.ModificarCliente.actualiza_el_nombre_del_cliente(ModificarCliente.groovy:72)&#xD;
	at ✽.actualiza el nombre del cliente Colombia(E:/CAF/Automatizacion/CAF1/Include/features/Clientes/ModificarCliente.feature:14)&#xD;
Caused by: com.kms.katalon.core.webui.exception.WebElementNotFoundException: Web element with id: 'Object Repository/ModificarCliente/Page_Detalle - Modificar Cliente - Contactos de Tesorera/input_NombreCliente_Nombre' located by 'By.xpath: id("Nombre")[count(. | //*[@value = 'BBVA Colombia']) = count(//*[@value = 'BBVA Colombia'])]' not found&#xD;
	at com.kms.katalon.core.webui.common.WebUiCommonHelper.findWebElement(WebUiCommonHelper.java:1097)&#xD;
	at com.kms.katalon.core.webui.keyword.internal.WebUIAbstractKeyword.findWebElement(WebUIAbstractKeyword.groovy:27)&#xD;
	at com.kms.katalon.core.webui.keyword.internal.WebUIAbstractKeyword.findWebElement(WebUIAbstractKeyword.groovy:26)&#xD;
	at com.kms.katalon.core.webui.keyword.builtin.ClickKeyword$_click_closure1.doCall(ClickKeyword.groovy:77)&#xD;
	at com.kms.katalon.core.webui.keyword.builtin.ClickKeyword$_click_closure1.call(ClickKeyword.groovy)&#xD;
	at com.kms.katalon.core.webui.keyword.internal.WebUIKeywordMain.runKeyword(WebUIKeywordMain.groovy:20)&#xD;
	at com.kms.katalon.core.webui.keyword.builtin.ClickKeyword.click(ClickKeyword.groovy:86)&#xD;
	at com.kms.katalon.core.webui.keyword.builtin.ClickKeyword.execute(ClickKeyword.groovy:67)&#xD;
	at com.kms.katalon.core.keyword.internal.KeywordExecutor.executeKeywordForPlatform(KeywordExecutor.groovy:56)&#xD;
	at com.kms.katalon.core.webui.keyword.WebUiBuiltInKeywords.click(WebUiBuiltInKeywords.groovy:616)&#xD;
	at com.kms.katalon.core.webui.keyword.WebUiBuiltInKeywords$click$1.call(Unknown Source)&#xD;
	at clientes.ModificarCliente.actualiza_el_nombre_del_cliente(ModificarCliente.groovy:72)&#xD;
	at cucumber.runtime.Utils$1.call(Utils.java:26)&#xD;
	at cucumber.runtime.Timeout.timeout(Timeout.java:16)&#xD;
	at cucumber.runtime.Utils.invoke(Utils.java:20)&#xD;
	at cucumber.runtime.java.JavaStepDefinition.execute(JavaStepDefinition.java:48)&#xD;
	at cucumber.runtime.PickleStepDefinitionMatch.runStep(PickleStepDefinitionMatch.java:50)&#xD;
	at cucumber.runner.TestStep.executeStep(TestStep.java:55)&#xD;
	at cucumber.runner.TestStep.run(TestStep.java:42)&#xD;
	at cucumber.runner.PickleStepTestStep.run(PickleStepTestStep.java:53)&#xD;
	at cucumber.runner.TestCase.run(TestCase.java:47)&#xD;
	at cucumber.runner.Runner.runPickle(Runner.java:44)&#xD;
	at cucumber.runtime.Runtime.runFeature(Runtime.java:120)&#xD;
	at cucumber.runtime.Runtime.run(Runtime.java:106)&#xD;
	at cucumber.api.cli.Main.run(Main.java:35)&#xD;
	at cucumber.api.cli.Main$run.call(Unknown Source)&#xD;
	at com.kms.katalon.core.cucumber.keyword.CucumberBuiltinKeywords$_runFeatureFile_closure1.doCall(CucumberBuiltinKeywords.groovy:76)&#xD;
	at com.kms.katalon.core.cucumber.keyword.CucumberBuiltinKeywords$_runFeatureFile_closure1.doCall(CucumberBuiltinKeywords.groovy)&#xD;
	at com.kms.katalon.core.keyword.internal.KeywordMain.runKeyword(KeywordMain.groovy:68)&#xD;
	at com.kms.katalon.core.keyword.internal.KeywordMain$runKeyword.call(Unknown Source)&#xD;
	at com.kms.katalon.core.cucumber.keyword.CucumberBuiltinKeywords.runFeatureFile(CucumberBuiltinKeywords.groovy:46)&#xD;
	at com.kms.katalon.core.cucumber.keyword.CucumberBuiltinKeywords$runFeatureFile$0.callStatic(Unknown Source)&#xD;
	at com.kms.katalon.core.cucumber.keyword.CucumberBuiltinKeywords.runFeatureFile(CucumberBuiltinKeywords.groovy:101)&#xD;
	at com.kms.katalon.core.cucumber.keyword.CucumberBuiltinKeywords$runFeatureFile.call(Unknown Source)&#xD;
	at ModificarCLiente.run(ModificarCLiente:51)&#xD;
	at com.kms.katalon.core.main.ScriptEngine.run(ScriptEngine.java:194)&#xD;
	at com.kms.katalon.core.main.ScriptEngine.runScriptAsRawText(ScriptEngine.java:119)&#xD;
	at com.kms.katalon.core.main.TestCaseExecutor.runScript(TestCaseExecutor.java:337)&#xD;
	at com.kms.katalon.core.main.TestCaseExecutor.doExecute(TestCaseExecutor.java:328)&#xD;
	at com.kms.katalon.core.main.TestCaseExecutor.processExecutionPhase(TestCaseExecutor.java:307)&#xD;
	at com.kms.katalon.core.main.TestCaseExecutor.accessMainPhase(TestCaseExecutor.java:299)&#xD;
	at com.kms.katalon.core.main.TestCaseExecutor.execute(TestCaseExecutor.java:233)&#xD;
	at com.kms.katalon.core.main.TestSuiteExecutor.accessTestCaseMainPhase(TestSuiteExecutor.java:169)&#xD;
	at com.kms.katalon.core.main.TestSuiteExecutor.accessTestSuiteMainPhase(TestSuiteExecutor.java:142)&#xD;
	at com.kms.katalon.core.main.TestSuiteExecutor.execute(TestSuiteExecutor.java:91)&#xD;
	at com.kms.katalon.core.main.TestCaseMain.startTestSuite(TestCaseMain.java:157)&#xD;
	at com.kms.katalon.core.main.TestCaseMain$startTestSuite$0.call(Unknown Source)&#xD;
	at TempTestSuite1572552323824.run(TempTestSuite1572552323824.groovy:35)&#xD;
&#xD;
&#xD;
2019-10-31 15:08:21 - [MESSAGE][INFO] - Unable to find the element located by 'By.xpath: id("Nombre")[count(. | //*[@value = 'BBVA Colombia']) = count(//*[@value = 'BBVA Colombia'])]'. Please recheck the objects properties to make sure the desired element is located. &#xD;
&#xD;
2019-10-31 15:08:21 - [MESSAGE][FAILED] - Unable to click on object 'Object Repository/ModificarCliente/Page_Detalle - Modificar Cliente - Contactos de Tesorera/input_NombreCliente_Nombre' (Root cause: com.kms.katalon.core.exception.StepFailedException: Unable to click on object 'Object Repository/ModificarCliente/Page_Detalle - Modificar Cliente - Contactos de Tesorera/input_NombreCliente_Nombre'&#xD;
	at com.kms.katalon.core.webui.keyword.internal.WebUIKeywordMain.stepFailed(WebUIKeywordMain.groovy:64)&#xD;
	at com.kms.katalon.core.webui.keyword.internal.WebUIKeywordMain.runKeyword(WebUIKeywordMain.groovy:26)&#xD;
	at com.kms.katalon.core.webui.keyword.builtin.ClickKeyword.click(ClickKeyword.groovy:86)&#xD;
	at com.kms.katalon.core.webui.keyword.builtin.ClickKeyword.execute(ClickKeyword.groovy:67)&#xD;
	at com.kms.katalon.core.keyword.internal.KeywordExecutor.executeKeywordForPlatform(KeywordExecutor.groovy:56)&#xD;
	at com.kms.katalon.core.webui.keyword.WebUiBuiltInKeywords.click(WebUiBuiltInKeywords.groovy:616)&#xD;
	at com.kms.katalon.core.webui.keyword.WebUiBuiltInKeywords$click$1.call(Unknown Source)&#xD;
	at clientes.ModificarCliente.actualiza_el_nombre_del_cliente(ModificarCliente.groovy:72)&#xD;
	at cucumber.runtime.Utils$1.call(Utils.java:26)&#xD;
	at cucumber.runtime.Timeout.timeout(Timeout.java:16)&#xD;
	at cucumber.runtime.Utils.invoke(Utils.java:20)&#xD;
	at cucumber.runtime.java.JavaStepDefinition.execute(JavaStepDefinition.java:48)&#xD;
	at cucumber.runtime.PickleStepDefinitionMatch.runStep(PickleStepDefinitionMatch.java:50)&#xD;
	at cucumber.runner.TestStep.executeStep(TestStep.java:55)&#xD;
	at cucumber.runner.TestStep.run(TestStep.java:42)&#xD;
	at cucumber.runner.PickleStepTestStep.run(PickleStepTestStep.java:53)&#xD;
	at cucumber.runner.TestCase.run(TestCase.java:47)&#xD;
	at cucumber.runner.Runner.runPickle(Runner.java:44)&#xD;
	at cucumber.runtime.Runtime.runFeature(Runtime.java:120)&#xD;
	at cucumber.runtime.Runtime.run(Runtime.java:106)&#xD;
	at cucumber.api.cli.Main.run(Main.java:35)&#xD;
	at cucumber.api.cli.Main$run.call(Unknown Source)&#xD;
	at com.kms.katalon.core.cucumber.keyword.CucumberBuiltinKeywords$_runFeatureFile_closure1.doCall(CucumberBuiltinKeywords.groovy:76)&#xD;
	at com.kms.katalon.core.cucumber.keyword.CucumberBuiltinKeywords$_runFeatureFile_closure1.doCall(CucumberBuiltinKeywords.groovy)&#xD;
	at com.kms.katalon.core.keyword.internal.KeywordMain.runKeyword(KeywordMain.groovy:68)&#xD;
	at com.kms.katalon.core.keyword.internal.KeywordMain$runKeyword.call(Unknown Source)&#xD;
	at com.kms.katalon.core.cucumber.keyword.CucumberBuiltinKeywords.runFeatureFile(CucumberBuiltinKeywords.groovy:46)&#xD;
	at com.kms.katalon.core.cucumber.keyword.CucumberBuiltinKeywords$runFeatureFile$0.callStatic(Unknown Source)&#xD;
	at com.kms.katalon.core.cucumber.keyword.CucumberBuiltinKeywords.runFeatureFile(CucumberBuiltinKeywords.groovy:101)&#xD;
	at com.kms.katalon.core.cucumber.keyword.CucumberBuiltinKeywords$runFeatureFile.call(Unknown Source)&#xD;
	at ModificarCLiente.run(ModificarCLiente:51)&#xD;
	at com.kms.katalon.core.main.ScriptEngine.run(ScriptEngine.java:194)&#xD;
	at com.kms.katalon.core.main.ScriptEngine.runScriptAsRawText(ScriptEngine.java:119)&#xD;
	at com.kms.katalon.core.main.TestCaseExecutor.runScript(TestCaseExecutor.java:337)&#xD;
	at com.kms.katalon.core.main.TestCaseExecutor.doExecute(TestCaseExecutor.java:328)&#xD;
	at com.kms.katalon.core.main.TestCaseExecutor.processExecutionPhase(TestCaseExecutor.java:307)&#xD;
	at com.kms.katalon.core.main.TestCaseExecutor.accessMainPhase(TestCaseExecutor.java:299)&#xD;
	at com.kms.katalon.core.main.TestCaseExecutor.execute(TestCaseExecutor.java:233)&#xD;
	at com.kms.katalon.core.main.TestSuiteExecutor.accessTestCaseMainPhase(TestSuiteExecutor.java:169)&#xD;
	at com.kms.katalon.core.main.TestSuiteExecutor.accessTestSuiteMainPhase(TestSuiteExecutor.java:142)&#xD;
	at com.kms.katalon.core.main.TestSuiteExecutor.execute(TestSuiteExecutor.java:91)&#xD;
	at com.kms.katalon.core.main.TestCaseMain.startTestSuite(TestCaseMain.java:157)&#xD;
	at com.kms.katalon.core.main.TestCaseMain$startTestSuite$0.call(Unknown Source)&#xD;
	at TempTestSuite1572552323824.run(TempTestSuite1572552323824.groovy:35)&#xD;
Caused by: com.kms.katalon.core.webui.exception.WebElementNotFoundException: Web element with id: 'Object Repository/ModificarCliente/Page_Detalle - Modificar Cliente - Contactos de Tesorera/input_NombreCliente_Nombre' located by 'By.xpath: id("Nombre")[count(. | //*[@value = 'BBVA Colombia']) = count(//*[@value = 'BBVA Colombia'])]' not found&#xD;
	at com.kms.katalon.core.webui.common.WebUiCommonHelper.findWebElement(WebUiCommonHelper.java:1097)&#xD;
	at com.kms.katalon.core.webui.keyword.internal.WebUIAbstractKeyword.findWebElement(WebUIAbstractKeyword.groovy:27)&#xD;
	at com.kms.katalon.core.webui.keyword.internal.WebUIAbstractKeyword.findWebElement(WebUIAbstractKeyword.groovy:26)&#xD;
	at com.kms.katalon.core.webui.keyword.builtin.ClickKeyword$_click_closure1.doCall(ClickKeyword.groovy:77)&#xD;
	at com.kms.katalon.core.webui.keyword.builtin.ClickKeyword$_click_closure1.call(ClickKeyword.groovy)&#xD;
	at com.kms.katalon.core.webui.keyword.internal.WebUIKeywordMain.runKeyword(WebUIKeywordMain.groovy:20)&#xD;
	at com.kms.katalon.core.webui.keyword.builtin.ClickKeyword.click(ClickKeyword.groovy:86)&#xD;
	at com.kms.katalon.core.webui.keyword.builtin.ClickKeyword.execute(ClickKeyword.groovy:67)&#xD;
	at com.kms.katalon.core.keyword.internal.KeywordExecutor.executeKeywordForPlatform(KeywordExecutor.groovy:56)&#xD;
	at com.kms.katalon.core.webui.keyword.WebUiBuiltInKeywords.click(WebUiBuiltInKeywords.groovy:616)&#xD;
	at com.kms.katalon.core.webui.keyword.WebUiBuiltInKeywords$click$1.call(Unknown Source)&#xD;
	at clientes.ModificarCliente.actualiza_el_nombre_del_cliente(ModificarCliente.groovy:72)&#xD;
	at cucumber.runtime.Utils$1.call(Utils.java:26)&#xD;
	at cucumber.runtime.Timeout.timeout(Timeout.java:16)&#xD;
	at cucumber.runtime.Utils.invoke(Utils.java:20)&#xD;
	at cucumber.runtime.java.JavaStepDefinition.execute(JavaStepDefinition.java:48)&#xD;
	at cucumber.runtime.PickleStepDefinitionMatch.runStep(PickleStepDefinitionMatch.java:50)&#xD;
	at cucumber.runner.TestStep.executeStep(TestStep.java:55)&#xD;
	at cucumber.runner.TestStep.run(TestStep.java:42)&#xD;
	at cucumber.runner.PickleStepTestStep.run(PickleStepTestStep.java:53)&#xD;
	at cucumber.runner.TestCase.run(TestCase.java:47)&#xD;
	at cucumber.runner.Runner.runPickle(Runner.java:44)&#xD;
	at cucumber.runtime.Runtime.runFeature(Runtime.java:120)&#xD;
	at cucumber.runtime.Runtime.run(Runtime.java:106)&#xD;
	at cucumber.api.cli.Main.run(Main.java:35)&#xD;
	at cucumber.api.cli.Main$run.call(Unknown Source)&#xD;
	at com.kms.katalon.core.cucumber.keyword.CucumberBuiltinKeywords$_runFeatureFile_closure1.doCall(CucumberBuiltinKeywords.groovy:76)&#xD;
	at com.kms.katalon.core.cucumber.keyword.CucumberBuiltinKeywords$_runFeatureFile_closure1.doCall(CucumberBuiltinKeywords.groovy)&#xD;
	at com.kms.katalon.core.keyword.internal.KeywordMain.runKeyword(KeywordMain.groovy:68)&#xD;
	at com.kms.katalon.core.keyword.internal.KeywordMain$runKeyword.call(Unknown Source)&#xD;
	at com.kms.katalon.core.cucumber.keyword.CucumberBuiltinKeywords.runFeatureFile(CucumberBuiltinKeywords.groovy:46)&#xD;
	at com.kms.katalon.core.cucumber.keyword.CucumberBuiltinKeywords$runFeatureFile$0.callStatic(Unknown Source)&#xD;
	at com.kms.katalon.core.cucumber.keyword.CucumberBuiltinKeywords.runFeatureFile(CucumberBuiltinKeywords.groovy:101)&#xD;
	at com.kms.katalon.core.cucumber.keyword.CucumberBuiltinKeywords$runFeatureFile.call(Unknown Source)&#xD;
	at Script1572288652877.run(Script1572288652877.groovy:51)&#xD;
	... 13 more&#xD;
)&#xD;
[[ATTACHMENT|E:\\CAF\\Automatizacion\\CAF1\\Reports\\20191031_150523\\Clientes\\Cliente\\20191031_150523\\1572552501055.png]]&#xD;
&#xD;
2019-10-31 15:08:21 - [MESSAGE][FAILED] - actualiza el nombre del cliente Colombia FAILED.
Reason:
com.kms.katalon.core.exception.StepFailedException: Unable to click on object 'Object Repository/ModificarCliente/Page_Detalle - Modificar Cliente - Contactos de Tesorera/input_NombreCliente_Nombre'&#xD;
	at com.kms.katalon.core.webui.keyword.internal.WebUIKeywordMain.stepFailed(WebUIKeywordMain.groovy:64)&#xD;
	at com.kms.katalon.core.webui.keyword.internal.WebUIKeywordMain.runKeyword(WebUIKeywordMain.groovy:26)&#xD;
	at com.kms.katalon.core.webui.keyword.builtin.ClickKeyword.click(ClickKeyword.groovy:86)&#xD;
	at com.kms.katalon.core.webui.keyword.builtin.ClickKeyword.execute(ClickKeyword.groovy:67)&#xD;
	at com.kms.katalon.core.keyword.internal.KeywordExecutor.executeKeywordForPlatform(KeywordExecutor.groovy:56)&#xD;
	at com.kms.katalon.core.webui.keyword.WebUiBuiltInKeywords.click(WebUiBuiltInKeywords.groovy:616)&#xD;
	at com.kms.katalon.core.webui.keyword.WebUiBuiltInKeywords$click$1.call(Unknown Source)&#xD;
	at clientes.ModificarCliente.actualiza_el_nombre_del_cliente(ModificarCliente.groovy:72)&#xD;
	at ✽.actualiza el nombre del cliente Colombia(E:/CAF/Automatizacion/CAF1/Include/features/Clientes/ModificarCliente.feature:14)&#xD;
Caused by: com.kms.katalon.core.webui.exception.WebElementNotFoundException: Web element with id: 'Object Repository/ModificarCliente/Page_Detalle - Modificar Cliente - Contactos de Tesorera/input_NombreCliente_Nombre' located by 'By.xpath: id("Nombre")[count(. | //*[@value = 'BBVA Colombia']) = count(//*[@value = 'BBVA Colombia'])]' not found&#xD;
	at com.kms.katalon.core.webui.common.WebUiCommonHelper.findWebElement(WebUiCommonHelper.java:1097)&#xD;
	at com.kms.katalon.core.webui.keyword.internal.WebUIAbstractKeyword.findWebElement(WebUIAbstractKeyword.groovy:27)&#xD;
	at com.kms.katalon.core.webui.keyword.internal.WebUIAbstractKeyword.findWebElement(WebUIAbstractKeyword.groovy:26)&#xD;
	at com.kms.katalon.core.webui.keyword.builtin.ClickKeyword$_click_closure1.doCall(ClickKeyword.groovy:77)&#xD;
	at com.kms.katalon.core.webui.keyword.builtin.ClickKeyword$_click_closure1.call(ClickKeyword.groovy)&#xD;
	at com.kms.katalon.core.webui.keyword.internal.WebUIKeywordMain.runKeyword(WebUIKeywordMain.groovy:20)&#xD;
	at com.kms.katalon.core.webui.keyword.builtin.ClickKeyword.click(ClickKeyword.groovy:86)&#xD;
	at com.kms.katalon.core.webui.keyword.builtin.ClickKeyword.execute(ClickKeyword.groovy:67)&#xD;
	at com.kms.katalon.core.keyword.internal.KeywordExecutor.executeKeywordForPlatform(KeywordExecutor.groovy:56)&#xD;
	at com.kms.katalon.core.webui.keyword.WebUiBuiltInKeywords.click(WebUiBuiltInKeywords.groovy:616)&#xD;
	at com.kms.katalon.core.webui.keyword.WebUiBuiltInKeywords$click$1.call(Unknown Source)&#xD;
	at clientes.ModificarCliente.actualiza_el_nombre_del_cliente(ModificarCliente.groovy:72)&#xD;
	at cucumber.runtime.Utils$1.call(Utils.java:26)&#xD;
	at cucumber.runtime.Timeout.timeout(Timeout.java:16)&#xD;
	at cucumber.runtime.Utils.invoke(Utils.java:20)&#xD;
	at cucumber.runtime.java.JavaStepDefinition.execute(JavaStepDefinition.java:48)&#xD;
	at cucumber.runtime.PickleStepDefinitionMatch.runStep(PickleStepDefinitionMatch.java:50)&#xD;
	at cucumber.runner.TestStep.executeStep(TestStep.java:55)&#xD;
	at cucumber.runner.TestStep.run(TestStep.java:42)&#xD;
	at cucumber.runner.PickleStepTestStep.run(PickleStepTestStep.java:53)&#xD;
	at cucumber.runner.TestCase.run(TestCase.java:47)&#xD;
	at cucumber.runner.Runner.runPickle(Runner.java:44)&#xD;
	at cucumber.runtime.Runtime.runFeature(Runtime.java:120)&#xD;
	at cucumber.runtime.Runtime.run(Runtime.java:106)&#xD;
	at cucumber.api.cli.Main.run(Main.java:35)&#xD;
	at cucumber.api.cli.Main$run.call(Unknown Source)&#xD;
	at com.kms.katalon.core.cucumber.keyword.CucumberBuiltinKeywords$_runFeatureFile_closure1.doCall(CucumberBuiltinKeywords.groovy:76)&#xD;
	at com.kms.katalon.core.cucumber.keyword.CucumberBuiltinKeywords$_runFeatureFile_closure1.doCall(CucumberBuiltinKeywords.groovy)&#xD;
	at com.kms.katalon.core.keyword.internal.KeywordMain.runKeyword(KeywordMain.groovy:68)&#xD;
	at com.kms.katalon.core.keyword.internal.KeywordMain$runKeyword.call(Unknown Source)&#xD;
	at com.kms.katalon.core.cucumber.keyword.CucumberBuiltinKeywords.runFeatureFile(CucumberBuiltinKeywords.groovy:46)&#xD;
	at com.kms.katalon.core.cucumber.keyword.CucumberBuiltinKeywords$runFeatureFile$0.callStatic(Unknown Source)&#xD;
	at com.kms.katalon.core.cucumber.keyword.CucumberBuiltinKeywords.runFeatureFile(CucumberBuiltinKeywords.groovy:101)&#xD;
	at com.kms.katalon.core.cucumber.keyword.CucumberBuiltinKeywords$runFeatureFile.call(Unknown Source)&#xD;
	at ModificarCLiente.run(ModificarCLiente:51)&#xD;
	at com.kms.katalon.core.main.ScriptEngine.run(ScriptEngine.java:194)&#xD;
	at com.kms.katalon.core.main.ScriptEngine.runScriptAsRawText(ScriptEngine.java:119)&#xD;
	at com.kms.katalon.core.main.TestCaseExecutor.runScript(TestCaseExecutor.java:337)&#xD;
	at com.kms.katalon.core.main.TestCaseExecutor.doExecute(TestCaseExecutor.java:328)&#xD;
	at com.kms.katalon.core.main.TestCaseExecutor.processExecutionPhase(TestCaseExecutor.java:307)&#xD;
	at com.kms.katalon.core.main.TestCaseExecutor.accessMainPhase(TestCaseExecutor.java:299)&#xD;
	at com.kms.katalon.core.main.TestCaseExecutor.execute(TestCaseExecutor.java:233)&#xD;
	at com.kms.katalon.core.main.TestSuiteExecutor.accessTestCaseMainPhase(TestSuiteExecutor.java:169)&#xD;
	at com.kms.katalon.core.main.TestSuiteExecutor.accessTestSuiteMainPhase(TestSuiteExecutor.java:142)&#xD;
	at com.kms.katalon.core.main.TestSuiteExecutor.execute(TestSuiteExecutor.java:91)&#xD;
	at com.kms.katalon.core.main.TestCaseMain.startTestSuite(TestCaseMain.java:157)&#xD;
	at com.kms.katalon.core.main.TestCaseMain$startTestSuite$0.call(Unknown Source)&#xD;
	at TempTestSuite1572552323824.run(TempTestSuite1572552323824.groovy:35)&#xD;
&#xD;
&#xD;
2019-10-31 15:08:21 - [TEST_STEP][NOT_RUN] - digita el correo lilibs633@hotmail.com: digita el correo lilibs633@hotmail.com&#xD;
&#xD;
2019-10-31 15:08:21 - [MESSAGE][NOT_RUN] - digita el correo lilibs633@hotmail.com&#xD;
&#xD;
2019-10-31 15:08:21 - [TEST_STEP][NOT_RUN] - da clic en el botón Agregar correo: da clic en el botón Agregar correo&#xD;
&#xD;
2019-10-31 15:08:21 - [MESSAGE][NOT_RUN] - da clic en el botón Agregar correo&#xD;
&#xD;
2019-10-31 15:08:21 - [TEST_STEP][NOT_RUN] - digita un tag tag: digita un tag tag&#xD;
&#xD;
2019-10-31 15:08:21 - [MESSAGE][NOT_RUN] - digita un tag tag&#xD;
&#xD;
2019-10-31 15:08:21 - [TEST_STEP][NOT_RUN] - da clic en el botón Agregar tag: da clic en el botón Agregar tag&#xD;
&#xD;
2019-10-31 15:08:21 - [MESSAGE][NOT_RUN] - da clic en el botón Agregar tag&#xD;
&#xD;
2019-10-31 15:08:21 - [TEST_STEP][NOT_RUN] - digita la dirección dirección CR 70: digita la dirección dirección CR 70&#xD;
&#xD;
2019-10-31 15:08:21 - [MESSAGE][NOT_RUN] - digita la dirección dirección CR 70&#xD;
&#xD;
2019-10-31 15:08:21 - [TEST_STEP][NOT_RUN] - da clic en el botón Guardar: da clic en el botón Guardar&#xD;
&#xD;
2019-10-31 15:08:21 - [MESSAGE][NOT_RUN] - da clic en el botón Guardar&#xD;
&#xD;
2019-10-31 15:08:21 - [TEST_STEP][NOT_RUN] - el sistema muestra un mensaje de éxito: el sistema muestra un mensaje de éxito&#xD;
&#xD;
2019-10-31 15:08:21 - [MESSAGE][NOT_RUN] - el sistema muestra un mensaje de éxito&#xD;
&#xD;
2019-10-31 15:08:21 - [MESSAGE][FAILED] - Feature file 'Include/features/Clientes/ModificarCliente.feature' was failed&#xD;
&#xD;
2019-10-31 15:08:21 - [MESSAGE][FAILED] - Keyword runFeatureFile was failed (Root cause: com.kms.katalon.core.exception.StepFailedException: Feature file 'Include/features/Clientes/ModificarCliente.feature' was failed&#xD;
	at com.kms.katalon.core.keyword.internal.KeywordMain.stepFailed(KeywordMain.groovy:50)&#xD;
	at com.kms.katalon.core.keyword.internal.KeywordMain.stepFailed(KeywordMain.groovy)&#xD;
	at com.kms.katalon.core.keyword.internal.KeywordMain.stepFailed(KeywordMain.groovy:23)&#xD;
	at com.kms.katalon.core.keyword.internal.KeywordMain$stepFailed$0.call(Unknown Source)&#xD;
	at com.kms.katalon.core.cucumber.keyword.CucumberBuiltinKeywords$_runFeatureFile_closure1.doCall(CucumberBuiltinKeywords.groovy:82)&#xD;
	at com.kms.katalon.core.cucumber.keyword.CucumberBuiltinKeywords$_runFeatureFile_closure1.doCall(CucumberBuiltinKeywords.groovy)&#xD;
	at com.kms.katalon.core.keyword.internal.KeywordMain.runKeyword(KeywordMain.groovy:68)&#xD;
	at com.kms.katalon.core.keyword.internal.KeywordMain$runKeyword.call(Unknown Source)&#xD;
	at com.kms.katalon.core.cucumber.keyword.CucumberBuiltinKeywords.runFeatureFile(CucumberBuiltinKeywords.groovy:46)&#xD;
	at com.kms.katalon.core.cucumber.keyword.CucumberBuiltinKeywords$runFeatureFile$0.callStatic(Unknown Source)&#xD;
	at com.kms.katalon.core.cucumber.keyword.CucumberBuiltinKeywords.runFeatureFile(CucumberBuiltinKeywords.groovy:101)&#xD;
	at com.kms.katalon.core.cucumber.keyword.CucumberBuiltinKeywords$runFeatureFile.call(Unknown Source)&#xD;
	at ModificarCLiente.run(ModificarCLiente:51)&#xD;
	at com.kms.katalon.core.main.ScriptEngine.run(ScriptEngine.java:194)&#xD;
	at com.kms.katalon.core.main.ScriptEngine.runScriptAsRawText(ScriptEngine.java:119)&#xD;
	at com.kms.katalon.core.main.TestCaseExecutor.runScript(TestCaseExecutor.java:337)&#xD;
	at com.kms.katalon.core.main.TestCaseExecutor.doExecute(TestCaseExecutor.java:328)&#xD;
	at com.kms.katalon.core.main.TestCaseExecutor.processExecutionPhase(TestCaseExecutor.java:307)&#xD;
	at com.kms.katalon.core.main.TestCaseExecutor.accessMainPhase(TestCaseExecutor.java:299)&#xD;
	at com.kms.katalon.core.main.TestCaseExecutor.execute(TestCaseExecutor.java:233)&#xD;
	at com.kms.katalon.core.main.TestSuiteExecutor.accessTestCaseMainPhase(TestSuiteExecutor.java:169)&#xD;
	at com.kms.katalon.core.main.TestSuiteExecutor.accessTestSuiteMainPhase(TestSuiteExecutor.java:142)&#xD;
	at com.kms.katalon.core.main.TestSuiteExecutor.execute(TestSuiteExecutor.java:91)&#xD;
	at com.kms.katalon.core.main.TestCaseMain.startTestSuite(TestCaseMain.java:157)&#xD;
	at com.kms.katalon.core.main.TestCaseMain$startTestSuite$0.call(Unknown Source)&#xD;
	at TempTestSuite1572552323824.run(TempTestSuite1572552323824.groovy:35)&#xD;
)</system-out>
            <system-err>2019-10-31 15:07:43 - [TEST_CASE][FAILED] - Test Cases/Clientes/ModificarCLiente: Test Cases/Clientes/ModificarCLiente FAILED.
Reason:
com.kms.katalon.core.exception.StepFailedException: Feature file 'Include/features/Clientes/ModificarCliente.feature' was failed&#xD;
	at com.kms.katalon.core.keyword.internal.KeywordMain.stepFailed(KeywordMain.groovy:50)&#xD;
	at com.kms.katalon.core.keyword.internal.KeywordMain.stepFailed(KeywordMain.groovy)&#xD;
	at com.kms.katalon.core.keyword.internal.KeywordMain.stepFailed(KeywordMain.groovy:23)&#xD;
	at com.kms.katalon.core.keyword.internal.KeywordMain$stepFailed$0.call(Unknown Source)&#xD;
	at com.kms.katalon.core.cucumber.keyword.CucumberBuiltinKeywords$_runFeatureFile_closure1.doCall(CucumberBuiltinKeywords.groovy:82)&#xD;
	at com.kms.katalon.core.cucumber.keyword.CucumberBuiltinKeywords$_runFeatureFile_closure1.doCall(CucumberBuiltinKeywords.groovy)&#xD;
	at com.kms.katalon.core.keyword.internal.KeywordMain.runKeyword(KeywordMain.groovy:68)&#xD;
	at com.kms.katalon.core.keyword.internal.KeywordMain$runKeyword.call(Unknown Source)&#xD;
	at com.kms.katalon.core.cucumber.keyword.CucumberBuiltinKeywords.runFeatureFile(CucumberBuiltinKeywords.groovy:46)&#xD;
	at com.kms.katalon.core.cucumber.keyword.CucumberBuiltinKeywords$runFeatureFile$0.callStatic(Unknown Source)&#xD;
	at com.kms.katalon.core.cucumber.keyword.CucumberBuiltinKeywords.runFeatureFile(CucumberBuiltinKeywords.groovy:101)&#xD;
	at com.kms.katalon.core.cucumber.keyword.CucumberBuiltinKeywords$runFeatureFile.call(Unknown Source)&#xD;
	at ModificarCLiente.run(ModificarCLiente:51)&#xD;
	at com.kms.katalon.core.main.ScriptEngine.run(ScriptEngine.java:194)&#xD;
	at com.kms.katalon.core.main.ScriptEngine.runScriptAsRawText(ScriptEngine.java:119)&#xD;
	at com.kms.katalon.core.main.TestCaseExecutor.runScript(TestCaseExecutor.java:337)&#xD;
	at com.kms.katalon.core.main.TestCaseExecutor.doExecute(TestCaseExecutor.java:328)&#xD;
	at com.kms.katalon.core.main.TestCaseExecutor.processExecutionPhase(TestCaseExecutor.java:307)&#xD;
	at com.kms.katalon.core.main.TestCaseExecutor.accessMainPhase(TestCaseExecutor.java:299)&#xD;
	at com.kms.katalon.core.main.TestCaseExecutor.execute(TestCaseExecutor.java:233)&#xD;
	at com.kms.katalon.core.main.TestSuiteExecutor.accessTestCaseMainPhase(TestSuiteExecutor.java:169)&#xD;
	at com.kms.katalon.core.main.TestSuiteExecutor.accessTestSuiteMainPhase(TestSuiteExecutor.java:142)&#xD;
	at com.kms.katalon.core.main.TestSuiteExecutor.execute(TestSuiteExecutor.java:91)&#xD;
	at com.kms.katalon.core.main.TestCaseMain.startTestSuite(TestCaseMain.java:157)&#xD;
	at com.kms.katalon.core.main.TestCaseMain$startTestSuite$0.call(Unknown Source)&#xD;
	at TempTestSuite1572552323824.run(TempTestSuite1572552323824.groovy:35)</system-err>
        </testcase>
        <system-out>2019-10-31 15:05:28 - [TEST_SUITE][INCOMPLETE] - Cliente: null</system-out>
        <system-err>2019-10-31 15:05:28 - [TEST_SUITE][INCOMPLETE] - Cliente: null</system-err>
    </testsuite>
</testsuites>
