<?xml version="1.0" encoding="UTF-8" standalone="yes"?>
<testsuites name="Cliente" time="13" tests="0" failures="1" errors="0">
    <testsuite name="Cliente" tests="0" failures="1" errors="0" time="13" timestamp="2019-10-31 14:02:50" hostname="lsepulvedap - p-lsepulvedap.intergrupo.com" id="Test Suites/Clientes/Cliente">
        <properties>
            <property name="deviceName" value=""/>
            <property name="devicePlatform" value=""/>
            <property name="logFolder" value="E:\\CAF\\Automatizacion\\CAF1\\Reports\\20191031_140246\\Clientes\\Cliente\\20191031_140246"/>
            <property name="logFiles" value="E:\\CAF\\Automatizacion\\CAF1\\Reports\\20191031_140246\\Clientes\\Cliente\\20191031_140246\\execution0.log"/>
            <property name="attachments" value=""/>
            <property name="hostName" value="lsepulvedap - p-lsepulvedap.intergrupo.com"/>
            <property name="os" value="Windows 10 64bit"/>
            <property name="katalonVersion" value="6.3.3.11"/>
            <property name="browser" value="Chrome 77.0.3865.120"/>
            <property name="hostAddress" value="10.60.6.164"/>
            <property name="sessionId" value="1560c0776d619554b9f5d4ca39964248"/>
            <property name="seleniumVersion" value="3.141.59"/>
            <property name="proxyInformation" value="ProxyInformation{proxyOption=NO_PROXY, proxyServerType=HTTP, password=, proxyServerAddress=, proxyServerPort=0}"/>
            <property name="platform" value="Windows 10"/>
        </properties>
        <testcase name="Test Cases/Clientes/ConsultaCliente" classname="Test Cases/Clientes/ConsultaCliente" status="FAILED">
            <failure type="FAILED" message="Test Cases/Clientes/ConsultaCliente FAILED.&#xA;Reason:&#xA;com.kms.katalon.core.exception.StepFailedException: Feature file 'Include/features/Clientes/ConsultarCliente.feature' was failed&#xD;&#xA;&#x9;at com.kms.katalon.core.keyword.internal.KeywordMain.stepFailed(KeywordMain.groovy:50)&#xD;&#xA;&#x9;at com.kms.katalon.core.keyword.internal.KeywordMain.stepFailed(KeywordMain.groovy)&#xD;&#xA;&#x9;at com.kms.katalon.core.keyword.internal.KeywordMain.stepFailed(KeywordMain.groovy:23)&#xD;&#xA;&#x9;at com.kms.katalon.core.keyword.internal.KeywordMain$stepFailed$0.call(Unknown Source)&#xD;&#xA;&#x9;at com.kms.katalon.core.cucumber.keyword.CucumberBuiltinKeywords$_runFeatureFile_closure1.doCall(CucumberBuiltinKeywords.groovy:82)&#xD;&#xA;&#x9;at com.kms.katalon.core.cucumber.keyword.CucumberBuiltinKeywords$_runFeatureFile_closure1.doCall(CucumberBuiltinKeywords.groovy)&#xD;&#xA;&#x9;at com.kms.katalon.core.keyword.internal.KeywordMain.runKeyword(KeywordMain.groovy:68)&#xD;&#xA;&#x9;at com.kms.katalon.core.keyword.internal.KeywordMain$runKeyword.call(Unknown Source)&#xD;&#xA;&#x9;at com.kms.katalon.core.cucumber.keyword.CucumberBuiltinKeywords.runFeatureFile(CucumberBuiltinKeywords.groovy:46)&#xD;&#xA;&#x9;at com.kms.katalon.core.cucumber.keyword.CucumberBuiltinKeywords$runFeatureFile$0.callStatic(Unknown Source)&#xD;&#xA;&#x9;at com.kms.katalon.core.cucumber.keyword.CucumberBuiltinKeywords.runFeatureFile(CucumberBuiltinKeywords.groovy:101)&#xD;&#xA;&#x9;at com.kms.katalon.core.cucumber.keyword.CucumberBuiltinKeywords$runFeatureFile.call(Unknown Source)&#xD;&#xA;&#x9;at ConsultaCliente.run(ConsultaCliente:17)&#xD;&#xA;&#x9;at com.kms.katalon.core.main.ScriptEngine.run(ScriptEngine.java:194)&#xD;&#xA;&#x9;at com.kms.katalon.core.main.ScriptEngine.runScriptAsRawText(ScriptEngine.java:119)&#xD;&#xA;&#x9;at com.kms.katalon.core.main.TestCaseExecutor.runScript(TestCaseExecutor.java:337)&#xD;&#xA;&#x9;at com.kms.katalon.core.main.TestCaseExecutor.doExecute(TestCaseExecutor.java:328)&#xD;&#xA;&#x9;at com.kms.katalon.core.main.TestCaseExecutor.processExecutionPhase(TestCaseExecutor.java:307)&#xD;&#xA;&#x9;at com.kms.katalon.core.main.TestCaseExecutor.accessMainPhase(TestCaseExecutor.java:299)&#xD;&#xA;&#x9;at com.kms.katalon.core.main.TestCaseExecutor.execute(TestCaseExecutor.java:233)&#xD;&#xA;&#x9;at com.kms.katalon.core.main.TestSuiteExecutor.accessTestCaseMainPhase(TestSuiteExecutor.java:169)&#xD;&#xA;&#x9;at com.kms.katalon.core.main.TestSuiteExecutor.accessTestSuiteMainPhase(TestSuiteExecutor.java:142)&#xD;&#xA;&#x9;at com.kms.katalon.core.main.TestSuiteExecutor.execute(TestSuiteExecutor.java:91)&#xD;&#xA;&#x9;at com.kms.katalon.core.main.TestCaseMain.startTestSuite(TestCaseMain.java:157)&#xD;&#xA;&#x9;at com.kms.katalon.core.main.TestCaseMain$startTestSuite$0.call(Unknown Source)&#xD;&#xA;&#x9;at TempTestSuite1572548566204.run(TempTestSuite1572548566204.groovy:35)&#xD;&#xA;"/>
            <system-out>2019-10-31 14:02:51 - [TEST_CASE][FAILED] - Test Cases/Clientes/ConsultaCliente: Test Cases/Clientes/ConsultaCliente FAILED.
Reason:
com.kms.katalon.core.exception.StepFailedException: Feature file 'Include/features/Clientes/ConsultarCliente.feature' was failed&#xD;
	at com.kms.katalon.core.keyword.internal.KeywordMain.stepFailed(KeywordMain.groovy:50)&#xD;
	at com.kms.katalon.core.keyword.internal.KeywordMain.stepFailed(KeywordMain.groovy)&#xD;
	at com.kms.katalon.core.keyword.internal.KeywordMain.stepFailed(KeywordMain.groovy:23)&#xD;
	at com.kms.katalon.core.keyword.internal.KeywordMain$stepFailed$0.call(Unknown Source)&#xD;
	at com.kms.katalon.core.cucumber.keyword.CucumberBuiltinKeywords$_runFeatureFile_closure1.doCall(CucumberBuiltinKeywords.groovy:82)&#xD;
	at com.kms.katalon.core.cucumber.keyword.CucumberBuiltinKeywords$_runFeatureFile_closure1.doCall(CucumberBuiltinKeywords.groovy)&#xD;
	at com.kms.katalon.core.keyword.internal.KeywordMain.runKeyword(KeywordMain.groovy:68)&#xD;
	at com.kms.katalon.core.keyword.internal.KeywordMain$runKeyword.call(Unknown Source)&#xD;
	at com.kms.katalon.core.cucumber.keyword.CucumberBuiltinKeywords.runFeatureFile(CucumberBuiltinKeywords.groovy:46)&#xD;
	at com.kms.katalon.core.cucumber.keyword.CucumberBuiltinKeywords$runFeatureFile$0.callStatic(Unknown Source)&#xD;
	at com.kms.katalon.core.cucumber.keyword.CucumberBuiltinKeywords.runFeatureFile(CucumberBuiltinKeywords.groovy:101)&#xD;
	at com.kms.katalon.core.cucumber.keyword.CucumberBuiltinKeywords$runFeatureFile.call(Unknown Source)&#xD;
	at ConsultaCliente.run(ConsultaCliente:17)&#xD;
	at com.kms.katalon.core.main.ScriptEngine.run(ScriptEngine.java:194)&#xD;
	at com.kms.katalon.core.main.ScriptEngine.runScriptAsRawText(ScriptEngine.java:119)&#xD;
	at com.kms.katalon.core.main.TestCaseExecutor.runScript(TestCaseExecutor.java:337)&#xD;
	at com.kms.katalon.core.main.TestCaseExecutor.doExecute(TestCaseExecutor.java:328)&#xD;
	at com.kms.katalon.core.main.TestCaseExecutor.processExecutionPhase(TestCaseExecutor.java:307)&#xD;
	at com.kms.katalon.core.main.TestCaseExecutor.accessMainPhase(TestCaseExecutor.java:299)&#xD;
	at com.kms.katalon.core.main.TestCaseExecutor.execute(TestCaseExecutor.java:233)&#xD;
	at com.kms.katalon.core.main.TestSuiteExecutor.accessTestCaseMainPhase(TestSuiteExecutor.java:169)&#xD;
	at com.kms.katalon.core.main.TestSuiteExecutor.accessTestSuiteMainPhase(TestSuiteExecutor.java:142)&#xD;
	at com.kms.katalon.core.main.TestSuiteExecutor.execute(TestSuiteExecutor.java:91)&#xD;
	at com.kms.katalon.core.main.TestCaseMain.startTestSuite(TestCaseMain.java:157)&#xD;
	at com.kms.katalon.core.main.TestCaseMain$startTestSuite$0.call(Unknown Source)&#xD;
	at TempTestSuite1572548566204.run(TempTestSuite1572548566204.groovy:35)&#xD;
&#xD;
&#xD;
2019-10-31 14:02:51 - [TEST_STEP][FAILED] - runFeatureFile("Include/features/Clientes/ConsultarCliente.feature"): Keyword runFeatureFile was failed (Root cause: com.kms.katalon.core.exception.StepFailedException: Feature file 'Include/features/Clientes/ConsultarCliente.feature' was failed&#xD;
	at com.kms.katalon.core.keyword.internal.KeywordMain.stepFailed(KeywordMain.groovy:50)&#xD;
	at com.kms.katalon.core.keyword.internal.KeywordMain.stepFailed(KeywordMain.groovy)&#xD;
	at com.kms.katalon.core.keyword.internal.KeywordMain.stepFailed(KeywordMain.groovy:23)&#xD;
	at com.kms.katalon.core.keyword.internal.KeywordMain$stepFailed$0.call(Unknown Source)&#xD;
	at com.kms.katalon.core.cucumber.keyword.CucumberBuiltinKeywords$_runFeatureFile_closure1.doCall(CucumberBuiltinKeywords.groovy:82)&#xD;
	at com.kms.katalon.core.cucumber.keyword.CucumberBuiltinKeywords$_runFeatureFile_closure1.doCall(CucumberBuiltinKeywords.groovy)&#xD;
	at com.kms.katalon.core.keyword.internal.KeywordMain.runKeyword(KeywordMain.groovy:68)&#xD;
	at com.kms.katalon.core.keyword.internal.KeywordMain$runKeyword.call(Unknown Source)&#xD;
	at com.kms.katalon.core.cucumber.keyword.CucumberBuiltinKeywords.runFeatureFile(CucumberBuiltinKeywords.groovy:46)&#xD;
	at com.kms.katalon.core.cucumber.keyword.CucumberBuiltinKeywords$runFeatureFile$0.callStatic(Unknown Source)&#xD;
	at com.kms.katalon.core.cucumber.keyword.CucumberBuiltinKeywords.runFeatureFile(CucumberBuiltinKeywords.groovy:101)&#xD;
	at com.kms.katalon.core.cucumber.keyword.CucumberBuiltinKeywords$runFeatureFile.call(Unknown Source)&#xD;
	at ConsultaCliente.run(ConsultaCliente:17)&#xD;
	at com.kms.katalon.core.main.ScriptEngine.run(ScriptEngine.java:194)&#xD;
	at com.kms.katalon.core.main.ScriptEngine.runScriptAsRawText(ScriptEngine.java:119)&#xD;
	at com.kms.katalon.core.main.TestCaseExecutor.runScript(TestCaseExecutor.java:337)&#xD;
	at com.kms.katalon.core.main.TestCaseExecutor.doExecute(TestCaseExecutor.java:328)&#xD;
	at com.kms.katalon.core.main.TestCaseExecutor.processExecutionPhase(TestCaseExecutor.java:307)&#xD;
	at com.kms.katalon.core.main.TestCaseExecutor.accessMainPhase(TestCaseExecutor.java:299)&#xD;
	at com.kms.katalon.core.main.TestCaseExecutor.execute(TestCaseExecutor.java:233)&#xD;
	at com.kms.katalon.core.main.TestSuiteExecutor.accessTestCaseMainPhase(TestSuiteExecutor.java:169)&#xD;
	at com.kms.katalon.core.main.TestSuiteExecutor.accessTestSuiteMainPhase(TestSuiteExecutor.java:142)&#xD;
	at com.kms.katalon.core.main.TestSuiteExecutor.execute(TestSuiteExecutor.java:91)&#xD;
	at com.kms.katalon.core.main.TestCaseMain.startTestSuite(TestCaseMain.java:157)&#xD;
	at com.kms.katalon.core.main.TestCaseMain$startTestSuite$0.call(Unknown Source)&#xD;
	at TempTestSuite1572548566204.run(TempTestSuite1572548566204.groovy:35)&#xD;
)&#xD;
&#xD;
2019-10-31 14:02:51 - [MESSAGE][INFO] - Starting run keyword runFeatureFile: 'Include/features/Clientes/ConsultarCliente.feature' and extract report to folder: 'E:\CAF\Automatizacion\CAF1\Reports\20191031_140246\Clientes\Cliente\20191031_140246/cucumber_report/1572548571904'...&#xD;
&#xD;
2019-10-31 14:02:52 - [TEST_CASE][ERROR] - Start Test Case : SCENARIO Consultar cliente existente: SCENARIO Consultar cliente existente FAILED.
Reason:
cucumber.runtime.AmbiguousStepDefinitionsException: "digita el nombre del cliente a consultar BBVA en el campo búsqueda" matches more than one step definition:
  "digita el nombre del cliente (.*)" in CrearCliente.digita_el_nombre_del_cliente(String)
  "digita el nombre del cliente a consultar (.*) en el campo búsqueda" in ConsultarCliente.digita_el_nombre_del_cliente_a_consultar_en_el_campo_busqueda(String)
&#xD;
	at cucumber.runtime.RuntimeGlue.stepDefinitionMatch(RuntimeGlue.java:89)&#xD;
	at cucumber.runner.Runner.addTestStepsForPickleSteps(Runner.java:73)&#xD;
	at cucumber.runner.Runner.createTestCaseForPickle(Runner.java:63)&#xD;
	at cucumber.runner.Runner.runPickle(Runner.java:43)&#xD;
	at cucumber.runtime.Runtime.runFeature(Runtime.java:120)&#xD;
	at cucumber.runtime.Runtime.run(Runtime.java:106)&#xD;
	at cucumber.api.cli.Main.run(Main.java:35)&#xD;
	at cucumber.api.cli.Main$run.call(Unknown Source)&#xD;
	at com.kms.katalon.core.cucumber.keyword.CucumberBuiltinKeywords$_runFeatureFile_closure1.doCall(CucumberBuiltinKeywords.groovy:76)&#xD;
	at com.kms.katalon.core.cucumber.keyword.CucumberBuiltinKeywords$_runFeatureFile_closure1.doCall(CucumberBuiltinKeywords.groovy)&#xD;
	at com.kms.katalon.core.keyword.internal.KeywordMain.runKeyword(KeywordMain.groovy:68)&#xD;
	at com.kms.katalon.core.keyword.internal.KeywordMain$runKeyword.call(Unknown Source)&#xD;
	at com.kms.katalon.core.cucumber.keyword.CucumberBuiltinKeywords.runFeatureFile(CucumberBuiltinKeywords.groovy:46)&#xD;
	at com.kms.katalon.core.cucumber.keyword.CucumberBuiltinKeywords$runFeatureFile$0.callStatic(Unknown Source)&#xD;
	at com.kms.katalon.core.cucumber.keyword.CucumberBuiltinKeywords.runFeatureFile(CucumberBuiltinKeywords.groovy:101)&#xD;
	at com.kms.katalon.core.cucumber.keyword.CucumberBuiltinKeywords$runFeatureFile.call(Unknown Source)&#xD;
	at ConsultaCliente.run(ConsultaCliente:17)&#xD;
	at com.kms.katalon.core.main.ScriptEngine.run(ScriptEngine.java:194)&#xD;
	at com.kms.katalon.core.main.ScriptEngine.runScriptAsRawText(ScriptEngine.java:119)&#xD;
	at com.kms.katalon.core.main.TestCaseExecutor.runScript(TestCaseExecutor.java:337)&#xD;
	at com.kms.katalon.core.main.TestCaseExecutor.doExecute(TestCaseExecutor.java:328)&#xD;
	at com.kms.katalon.core.main.TestCaseExecutor.processExecutionPhase(TestCaseExecutor.java:307)&#xD;
	at com.kms.katalon.core.main.TestCaseExecutor.accessMainPhase(TestCaseExecutor.java:299)&#xD;
	at com.kms.katalon.core.main.TestCaseExecutor.execute(TestCaseExecutor.java:233)&#xD;
	at com.kms.katalon.core.main.TestSuiteExecutor.accessTestCaseMainPhase(TestSuiteExecutor.java:169)&#xD;
	at com.kms.katalon.core.main.TestSuiteExecutor.accessTestSuiteMainPhase(TestSuiteExecutor.java:142)&#xD;
	at com.kms.katalon.core.main.TestSuiteExecutor.execute(TestSuiteExecutor.java:91)&#xD;
	at com.kms.katalon.core.main.TestCaseMain.startTestSuite(TestCaseMain.java:157)&#xD;
	at com.kms.katalon.core.main.TestCaseMain$startTestSuite$0.call(Unknown Source)&#xD;
	at TempTestSuite1572548566204.run(TempTestSuite1572548566204.groovy:35)&#xD;
&#xD;
&#xD;
2019-10-31 14:02:52 - [TEST_STEP][PASSED] - El usuario ingresa a la página principal: El usuario ingresa a la página principal&#xD;
&#xD;
2019-10-31 14:02:52 - [MESSAGE][INFO] - Starting 'Chrome' driver&#xD;
&#xD;
2019-10-31 14:02:52 - [MESSAGE][INFO] - Action delay is set to 0 seconds&#xD;
&#xD;
2019-10-31 14:02:56 - [MESSAGE][PASSED] - Browser is opened with url: ''&#xD;
&#xD;
2019-10-31 14:02:58 - [MESSAGE][PASSED] - Navigate to 'http://smdessc01:4800/CAF.Tesoreria.Web/' successfully&#xD;
&#xD;
2019-10-31 14:02:58 - [MESSAGE][PASSED] - El usuario ingresa a la página principal&#xD;
&#xD;
2019-10-31 14:02:58 - [TEST_STEP][PASSED] - se ubica en la opción clientes: se ubica en la opción clientes&#xD;
&#xD;
2019-10-31 14:02:58 - [MESSAGE][PASSED] - Object: 'Object Repository/Clientes/a_Clientes' is clicked on&#xD;
&#xD;
2019-10-31 14:02:58 - [MESSAGE][PASSED] - se ubica en la opción clientes&#xD;
&#xD;
2019-10-31 14:02:58 - [TEST_STEP][ERROR] - digita el nombre del cliente a consultar BBVA en el campo búsqueda: digita el nombre del cliente a consultar BBVA en el campo búsqueda FAILED.
Reason:
cucumber.runtime.AmbiguousStepDefinitionsException: "digita el nombre del cliente a consultar BBVA en el campo búsqueda" matches more than one step definition:
  "digita el nombre del cliente (.*)" in CrearCliente.digita_el_nombre_del_cliente(String)
  "digita el nombre del cliente a consultar (.*) en el campo búsqueda" in ConsultarCliente.digita_el_nombre_del_cliente_a_consultar_en_el_campo_busqueda(String)
&#xD;
	at cucumber.runtime.RuntimeGlue.stepDefinitionMatch(RuntimeGlue.java:89)&#xD;
	at cucumber.runner.Runner.addTestStepsForPickleSteps(Runner.java:73)&#xD;
	at cucumber.runner.Runner.createTestCaseForPickle(Runner.java:63)&#xD;
	at cucumber.runner.Runner.runPickle(Runner.java:43)&#xD;
	at cucumber.runtime.Runtime.runFeature(Runtime.java:120)&#xD;
	at cucumber.runtime.Runtime.run(Runtime.java:106)&#xD;
	at cucumber.api.cli.Main.run(Main.java:35)&#xD;
	at cucumber.api.cli.Main$run.call(Unknown Source)&#xD;
	at com.kms.katalon.core.cucumber.keyword.CucumberBuiltinKeywords$_runFeatureFile_closure1.doCall(CucumberBuiltinKeywords.groovy:76)&#xD;
	at com.kms.katalon.core.cucumber.keyword.CucumberBuiltinKeywords$_runFeatureFile_closure1.doCall(CucumberBuiltinKeywords.groovy)&#xD;
	at com.kms.katalon.core.keyword.internal.KeywordMain.runKeyword(KeywordMain.groovy:68)&#xD;
	at com.kms.katalon.core.keyword.internal.KeywordMain$runKeyword.call(Unknown Source)&#xD;
	at com.kms.katalon.core.cucumber.keyword.CucumberBuiltinKeywords.runFeatureFile(CucumberBuiltinKeywords.groovy:46)&#xD;
	at com.kms.katalon.core.cucumber.keyword.CucumberBuiltinKeywords$runFeatureFile$0.callStatic(Unknown Source)&#xD;
	at com.kms.katalon.core.cucumber.keyword.CucumberBuiltinKeywords.runFeatureFile(CucumberBuiltinKeywords.groovy:101)&#xD;
	at com.kms.katalon.core.cucumber.keyword.CucumberBuiltinKeywords$runFeatureFile.call(Unknown Source)&#xD;
	at ConsultaCliente.run(ConsultaCliente:17)&#xD;
	at com.kms.katalon.core.main.ScriptEngine.run(ScriptEngine.java:194)&#xD;
	at com.kms.katalon.core.main.ScriptEngine.runScriptAsRawText(ScriptEngine.java:119)&#xD;
	at com.kms.katalon.core.main.TestCaseExecutor.runScript(TestCaseExecutor.java:337)&#xD;
	at com.kms.katalon.core.main.TestCaseExecutor.doExecute(TestCaseExecutor.java:328)&#xD;
	at com.kms.katalon.core.main.TestCaseExecutor.processExecutionPhase(TestCaseExecutor.java:307)&#xD;
	at com.kms.katalon.core.main.TestCaseExecutor.accessMainPhase(TestCaseExecutor.java:299)&#xD;
	at com.kms.katalon.core.main.TestCaseExecutor.execute(TestCaseExecutor.java:233)&#xD;
	at com.kms.katalon.core.main.TestSuiteExecutor.accessTestCaseMainPhase(TestSuiteExecutor.java:169)&#xD;
	at com.kms.katalon.core.main.TestSuiteExecutor.accessTestSuiteMainPhase(TestSuiteExecutor.java:142)&#xD;
	at com.kms.katalon.core.main.TestSuiteExecutor.execute(TestSuiteExecutor.java:91)&#xD;
	at com.kms.katalon.core.main.TestCaseMain.startTestSuite(TestCaseMain.java:157)&#xD;
	at com.kms.katalon.core.main.TestCaseMain$startTestSuite$0.call(Unknown Source)&#xD;
	at TempTestSuite1572548566204.run(TempTestSuite1572548566204.groovy:35)&#xD;
&#xD;
&#xD;
2019-10-31 14:02:58 - [MESSAGE][ERROR] - digita el nombre del cliente a consultar BBVA en el campo búsqueda FAILED.
Reason:
cucumber.runtime.AmbiguousStepDefinitionsException: "digita el nombre del cliente a consultar BBVA en el campo búsqueda" matches more than one step definition:
  "digita el nombre del cliente (.*)" in CrearCliente.digita_el_nombre_del_cliente(String)
  "digita el nombre del cliente a consultar (.*) en el campo búsqueda" in ConsultarCliente.digita_el_nombre_del_cliente_a_consultar_en_el_campo_busqueda(String)
&#xD;
	at cucumber.runtime.RuntimeGlue.stepDefinitionMatch(RuntimeGlue.java:89)&#xD;
	at cucumber.runner.Runner.addTestStepsForPickleSteps(Runner.java:73)&#xD;
	at cucumber.runner.Runner.createTestCaseForPickle(Runner.java:63)&#xD;
	at cucumber.runner.Runner.runPickle(Runner.java:43)&#xD;
	at cucumber.runtime.Runtime.runFeature(Runtime.java:120)&#xD;
	at cucumber.runtime.Runtime.run(Runtime.java:106)&#xD;
	at cucumber.api.cli.Main.run(Main.java:35)&#xD;
	at cucumber.api.cli.Main$run.call(Unknown Source)&#xD;
	at com.kms.katalon.core.cucumber.keyword.CucumberBuiltinKeywords$_runFeatureFile_closure1.doCall(CucumberBuiltinKeywords.groovy:76)&#xD;
	at com.kms.katalon.core.cucumber.keyword.CucumberBuiltinKeywords$_runFeatureFile_closure1.doCall(CucumberBuiltinKeywords.groovy)&#xD;
	at com.kms.katalon.core.keyword.internal.KeywordMain.runKeyword(KeywordMain.groovy:68)&#xD;
	at com.kms.katalon.core.keyword.internal.KeywordMain$runKeyword.call(Unknown Source)&#xD;
	at com.kms.katalon.core.cucumber.keyword.CucumberBuiltinKeywords.runFeatureFile(CucumberBuiltinKeywords.groovy:46)&#xD;
	at com.kms.katalon.core.cucumber.keyword.CucumberBuiltinKeywords$runFeatureFile$0.callStatic(Unknown Source)&#xD;
	at com.kms.katalon.core.cucumber.keyword.CucumberBuiltinKeywords.runFeatureFile(CucumberBuiltinKeywords.groovy:101)&#xD;
	at com.kms.katalon.core.cucumber.keyword.CucumberBuiltinKeywords$runFeatureFile.call(Unknown Source)&#xD;
	at ConsultaCliente.run(ConsultaCliente:17)&#xD;
	at com.kms.katalon.core.main.ScriptEngine.run(ScriptEngine.java:194)&#xD;
	at com.kms.katalon.core.main.ScriptEngine.runScriptAsRawText(ScriptEngine.java:119)&#xD;
	at com.kms.katalon.core.main.TestCaseExecutor.runScript(TestCaseExecutor.java:337)&#xD;
	at com.kms.katalon.core.main.TestCaseExecutor.doExecute(TestCaseExecutor.java:328)&#xD;
	at com.kms.katalon.core.main.TestCaseExecutor.processExecutionPhase(TestCaseExecutor.java:307)&#xD;
	at com.kms.katalon.core.main.TestCaseExecutor.accessMainPhase(TestCaseExecutor.java:299)&#xD;
	at com.kms.katalon.core.main.TestCaseExecutor.execute(TestCaseExecutor.java:233)&#xD;
	at com.kms.katalon.core.main.TestSuiteExecutor.accessTestCaseMainPhase(TestSuiteExecutor.java:169)&#xD;
	at com.kms.katalon.core.main.TestSuiteExecutor.accessTestSuiteMainPhase(TestSuiteExecutor.java:142)&#xD;
	at com.kms.katalon.core.main.TestSuiteExecutor.execute(TestSuiteExecutor.java:91)&#xD;
	at com.kms.katalon.core.main.TestCaseMain.startTestSuite(TestCaseMain.java:157)&#xD;
	at com.kms.katalon.core.main.TestCaseMain$startTestSuite$0.call(Unknown Source)&#xD;
	at TempTestSuite1572548566204.run(TempTestSuite1572548566204.groovy:35)&#xD;
&#xD;
&#xD;
2019-10-31 14:02:58 - [TEST_STEP][NOT_RUN] - presiona la tecla enter: presiona la tecla enter&#xD;
&#xD;
2019-10-31 14:02:58 - [MESSAGE][NOT_RUN] - presiona la tecla enter&#xD;
&#xD;
2019-10-31 14:02:58 - [TEST_STEP][NOT_RUN] - se visualiza el nombre del cliente BBVA en el resultado de la búsqueda: se visualiza el nombre del cliente BBVA en el resultado de la búsqueda&#xD;
&#xD;
2019-10-31 14:02:58 - [MESSAGE][NOT_RUN] - se visualiza el nombre del cliente BBVA en el resultado de la búsqueda&#xD;
&#xD;
2019-10-31 14:02:58 - [TEST_CASE][ERROR] - Start Test Case : SCENARIO Consultar cliente no existente: SCENARIO Consultar cliente no existente FAILED.
Reason:
cucumber.runtime.AmbiguousStepDefinitionsException: "digita el nombre del cliente a consultar Juan en el campo búsqueda" matches more than one step definition:
  "digita el nombre del cliente (.*)" in CrearCliente.digita_el_nombre_del_cliente(String)
  "digita el nombre del cliente a consultar (.*) en el campo búsqueda" in ConsultarCliente.digita_el_nombre_del_cliente_a_consultar_en_el_campo_busqueda(String)
&#xD;
	at cucumber.runtime.RuntimeGlue.stepDefinitionMatch(RuntimeGlue.java:89)&#xD;
	at cucumber.runner.Runner.addTestStepsForPickleSteps(Runner.java:73)&#xD;
	at cucumber.runner.Runner.createTestCaseForPickle(Runner.java:63)&#xD;
	at cucumber.runner.Runner.runPickle(Runner.java:43)&#xD;
	at cucumber.runtime.Runtime.runFeature(Runtime.java:120)&#xD;
	at cucumber.runtime.Runtime.run(Runtime.java:106)&#xD;
	at cucumber.api.cli.Main.run(Main.java:35)&#xD;
	at cucumber.api.cli.Main$run.call(Unknown Source)&#xD;
	at com.kms.katalon.core.cucumber.keyword.CucumberBuiltinKeywords$_runFeatureFile_closure1.doCall(CucumberBuiltinKeywords.groovy:76)&#xD;
	at com.kms.katalon.core.cucumber.keyword.CucumberBuiltinKeywords$_runFeatureFile_closure1.doCall(CucumberBuiltinKeywords.groovy)&#xD;
	at com.kms.katalon.core.keyword.internal.KeywordMain.runKeyword(KeywordMain.groovy:68)&#xD;
	at com.kms.katalon.core.keyword.internal.KeywordMain$runKeyword.call(Unknown Source)&#xD;
	at com.kms.katalon.core.cucumber.keyword.CucumberBuiltinKeywords.runFeatureFile(CucumberBuiltinKeywords.groovy:46)&#xD;
	at com.kms.katalon.core.cucumber.keyword.CucumberBuiltinKeywords$runFeatureFile$0.callStatic(Unknown Source)&#xD;
	at com.kms.katalon.core.cucumber.keyword.CucumberBuiltinKeywords.runFeatureFile(CucumberBuiltinKeywords.groovy:101)&#xD;
	at com.kms.katalon.core.cucumber.keyword.CucumberBuiltinKeywords$runFeatureFile.call(Unknown Source)&#xD;
	at ConsultaCliente.run(ConsultaCliente:17)&#xD;
	at com.kms.katalon.core.main.ScriptEngine.run(ScriptEngine.java:194)&#xD;
	at com.kms.katalon.core.main.ScriptEngine.runScriptAsRawText(ScriptEngine.java:119)&#xD;
	at com.kms.katalon.core.main.TestCaseExecutor.runScript(TestCaseExecutor.java:337)&#xD;
	at com.kms.katalon.core.main.TestCaseExecutor.doExecute(TestCaseExecutor.java:328)&#xD;
	at com.kms.katalon.core.main.TestCaseExecutor.processExecutionPhase(TestCaseExecutor.java:307)&#xD;
	at com.kms.katalon.core.main.TestCaseExecutor.accessMainPhase(TestCaseExecutor.java:299)&#xD;
	at com.kms.katalon.core.main.TestCaseExecutor.execute(TestCaseExecutor.java:233)&#xD;
	at com.kms.katalon.core.main.TestSuiteExecutor.accessTestCaseMainPhase(TestSuiteExecutor.java:169)&#xD;
	at com.kms.katalon.core.main.TestSuiteExecutor.accessTestSuiteMainPhase(TestSuiteExecutor.java:142)&#xD;
	at com.kms.katalon.core.main.TestSuiteExecutor.execute(TestSuiteExecutor.java:91)&#xD;
	at com.kms.katalon.core.main.TestCaseMain.startTestSuite(TestCaseMain.java:157)&#xD;
	at com.kms.katalon.core.main.TestCaseMain$startTestSuite$0.call(Unknown Source)&#xD;
	at TempTestSuite1572548566204.run(TempTestSuite1572548566204.groovy:35)&#xD;
&#xD;
&#xD;
2019-10-31 14:02:58 - [TEST_STEP][PASSED] - El usuario ingresa a la página principal: El usuario ingresa a la página principal&#xD;
&#xD;
2019-10-31 14:02:58 - [MESSAGE][WARNING] - A browser is already opened. Closing browser and opening a new one&#xD;
&#xD;
2019-10-31 14:02:59 - [MESSAGE][INFO] - Starting 'Chrome' driver&#xD;
&#xD;
2019-10-31 14:03:02 - [MESSAGE][PASSED] - Browser is opened with url: ''&#xD;
&#xD;
2019-10-31 14:03:03 - [MESSAGE][PASSED] - Navigate to 'http://smdessc01:4800/CAF.Tesoreria.Web/' successfully&#xD;
&#xD;
2019-10-31 14:03:03 - [MESSAGE][PASSED] - El usuario ingresa a la página principal&#xD;
&#xD;
2019-10-31 14:03:03 - [TEST_STEP][PASSED] - se ubica en la opción clientes: se ubica en la opción clientes&#xD;
&#xD;
2019-10-31 14:03:04 - [MESSAGE][PASSED] - Object: 'Object Repository/Clientes/a_Clientes' is clicked on&#xD;
&#xD;
2019-10-31 14:03:04 - [MESSAGE][PASSED] - se ubica en la opción clientes&#xD;
&#xD;
2019-10-31 14:03:04 - [TEST_STEP][ERROR] - digita el nombre del cliente a consultar Juan en el campo búsqueda: digita el nombre del cliente a consultar Juan en el campo búsqueda FAILED.
Reason:
cucumber.runtime.AmbiguousStepDefinitionsException: "digita el nombre del cliente a consultar Juan en el campo búsqueda" matches more than one step definition:
  "digita el nombre del cliente (.*)" in CrearCliente.digita_el_nombre_del_cliente(String)
  "digita el nombre del cliente a consultar (.*) en el campo búsqueda" in ConsultarCliente.digita_el_nombre_del_cliente_a_consultar_en_el_campo_busqueda(String)
&#xD;
	at cucumber.runtime.RuntimeGlue.stepDefinitionMatch(RuntimeGlue.java:89)&#xD;
	at cucumber.runner.Runner.addTestStepsForPickleSteps(Runner.java:73)&#xD;
	at cucumber.runner.Runner.createTestCaseForPickle(Runner.java:63)&#xD;
	at cucumber.runner.Runner.runPickle(Runner.java:43)&#xD;
	at cucumber.runtime.Runtime.runFeature(Runtime.java:120)&#xD;
	at cucumber.runtime.Runtime.run(Runtime.java:106)&#xD;
	at cucumber.api.cli.Main.run(Main.java:35)&#xD;
	at cucumber.api.cli.Main$run.call(Unknown Source)&#xD;
	at com.kms.katalon.core.cucumber.keyword.CucumberBuiltinKeywords$_runFeatureFile_closure1.doCall(CucumberBuiltinKeywords.groovy:76)&#xD;
	at com.kms.katalon.core.cucumber.keyword.CucumberBuiltinKeywords$_runFeatureFile_closure1.doCall(CucumberBuiltinKeywords.groovy)&#xD;
	at com.kms.katalon.core.keyword.internal.KeywordMain.runKeyword(KeywordMain.groovy:68)&#xD;
	at com.kms.katalon.core.keyword.internal.KeywordMain$runKeyword.call(Unknown Source)&#xD;
	at com.kms.katalon.core.cucumber.keyword.CucumberBuiltinKeywords.runFeatureFile(CucumberBuiltinKeywords.groovy:46)&#xD;
	at com.kms.katalon.core.cucumber.keyword.CucumberBuiltinKeywords$runFeatureFile$0.callStatic(Unknown Source)&#xD;
	at com.kms.katalon.core.cucumber.keyword.CucumberBuiltinKeywords.runFeatureFile(CucumberBuiltinKeywords.groovy:101)&#xD;
	at com.kms.katalon.core.cucumber.keyword.CucumberBuiltinKeywords$runFeatureFile.call(Unknown Source)&#xD;
	at ConsultaCliente.run(ConsultaCliente:17)&#xD;
	at com.kms.katalon.core.main.ScriptEngine.run(ScriptEngine.java:194)&#xD;
	at com.kms.katalon.core.main.ScriptEngine.runScriptAsRawText(ScriptEngine.java:119)&#xD;
	at com.kms.katalon.core.main.TestCaseExecutor.runScript(TestCaseExecutor.java:337)&#xD;
	at com.kms.katalon.core.main.TestCaseExecutor.doExecute(TestCaseExecutor.java:328)&#xD;
	at com.kms.katalon.core.main.TestCaseExecutor.processExecutionPhase(TestCaseExecutor.java:307)&#xD;
	at com.kms.katalon.core.main.TestCaseExecutor.accessMainPhase(TestCaseExecutor.java:299)&#xD;
	at com.kms.katalon.core.main.TestCaseExecutor.execute(TestCaseExecutor.java:233)&#xD;
	at com.kms.katalon.core.main.TestSuiteExecutor.accessTestCaseMainPhase(TestSuiteExecutor.java:169)&#xD;
	at com.kms.katalon.core.main.TestSuiteExecutor.accessTestSuiteMainPhase(TestSuiteExecutor.java:142)&#xD;
	at com.kms.katalon.core.main.TestSuiteExecutor.execute(TestSuiteExecutor.java:91)&#xD;
	at com.kms.katalon.core.main.TestCaseMain.startTestSuite(TestCaseMain.java:157)&#xD;
	at com.kms.katalon.core.main.TestCaseMain$startTestSuite$0.call(Unknown Source)&#xD;
	at TempTestSuite1572548566204.run(TempTestSuite1572548566204.groovy:35)&#xD;
&#xD;
&#xD;
2019-10-31 14:03:04 - [MESSAGE][ERROR] - digita el nombre del cliente a consultar Juan en el campo búsqueda FAILED.
Reason:
cucumber.runtime.AmbiguousStepDefinitionsException: "digita el nombre del cliente a consultar Juan en el campo búsqueda" matches more than one step definition:
  "digita el nombre del cliente (.*)" in CrearCliente.digita_el_nombre_del_cliente(String)
  "digita el nombre del cliente a consultar (.*) en el campo búsqueda" in ConsultarCliente.digita_el_nombre_del_cliente_a_consultar_en_el_campo_busqueda(String)
&#xD;
	at cucumber.runtime.RuntimeGlue.stepDefinitionMatch(RuntimeGlue.java:89)&#xD;
	at cucumber.runner.Runner.addTestStepsForPickleSteps(Runner.java:73)&#xD;
	at cucumber.runner.Runner.createTestCaseForPickle(Runner.java:63)&#xD;
	at cucumber.runner.Runner.runPickle(Runner.java:43)&#xD;
	at cucumber.runtime.Runtime.runFeature(Runtime.java:120)&#xD;
	at cucumber.runtime.Runtime.run(Runtime.java:106)&#xD;
	at cucumber.api.cli.Main.run(Main.java:35)&#xD;
	at cucumber.api.cli.Main$run.call(Unknown Source)&#xD;
	at com.kms.katalon.core.cucumber.keyword.CucumberBuiltinKeywords$_runFeatureFile_closure1.doCall(CucumberBuiltinKeywords.groovy:76)&#xD;
	at com.kms.katalon.core.cucumber.keyword.CucumberBuiltinKeywords$_runFeatureFile_closure1.doCall(CucumberBuiltinKeywords.groovy)&#xD;
	at com.kms.katalon.core.keyword.internal.KeywordMain.runKeyword(KeywordMain.groovy:68)&#xD;
	at com.kms.katalon.core.keyword.internal.KeywordMain$runKeyword.call(Unknown Source)&#xD;
	at com.kms.katalon.core.cucumber.keyword.CucumberBuiltinKeywords.runFeatureFile(CucumberBuiltinKeywords.groovy:46)&#xD;
	at com.kms.katalon.core.cucumber.keyword.CucumberBuiltinKeywords$runFeatureFile$0.callStatic(Unknown Source)&#xD;
	at com.kms.katalon.core.cucumber.keyword.CucumberBuiltinKeywords.runFeatureFile(CucumberBuiltinKeywords.groovy:101)&#xD;
	at com.kms.katalon.core.cucumber.keyword.CucumberBuiltinKeywords$runFeatureFile.call(Unknown Source)&#xD;
	at ConsultaCliente.run(ConsultaCliente:17)&#xD;
	at com.kms.katalon.core.main.ScriptEngine.run(ScriptEngine.java:194)&#xD;
	at com.kms.katalon.core.main.ScriptEngine.runScriptAsRawText(ScriptEngine.java:119)&#xD;
	at com.kms.katalon.core.main.TestCaseExecutor.runScript(TestCaseExecutor.java:337)&#xD;
	at com.kms.katalon.core.main.TestCaseExecutor.doExecute(TestCaseExecutor.java:328)&#xD;
	at com.kms.katalon.core.main.TestCaseExecutor.processExecutionPhase(TestCaseExecutor.java:307)&#xD;
	at com.kms.katalon.core.main.TestCaseExecutor.accessMainPhase(TestCaseExecutor.java:299)&#xD;
	at com.kms.katalon.core.main.TestCaseExecutor.execute(TestCaseExecutor.java:233)&#xD;
	at com.kms.katalon.core.main.TestSuiteExecutor.accessTestCaseMainPhase(TestSuiteExecutor.java:169)&#xD;
	at com.kms.katalon.core.main.TestSuiteExecutor.accessTestSuiteMainPhase(TestSuiteExecutor.java:142)&#xD;
	at com.kms.katalon.core.main.TestSuiteExecutor.execute(TestSuiteExecutor.java:91)&#xD;
	at com.kms.katalon.core.main.TestCaseMain.startTestSuite(TestCaseMain.java:157)&#xD;
	at com.kms.katalon.core.main.TestCaseMain$startTestSuite$0.call(Unknown Source)&#xD;
	at TempTestSuite1572548566204.run(TempTestSuite1572548566204.groovy:35)&#xD;
&#xD;
&#xD;
2019-10-31 14:03:04 - [TEST_STEP][NOT_RUN] - presiona la tecla enter: presiona la tecla enter&#xD;
&#xD;
2019-10-31 14:03:04 - [MESSAGE][NOT_RUN] - presiona la tecla enter&#xD;
&#xD;
2019-10-31 14:03:04 - [TEST_STEP][NOT_RUN] - se visualiza el mensaje No hay datos.: se visualiza el mensaje No hay datos.&#xD;
&#xD;
2019-10-31 14:03:04 - [MESSAGE][NOT_RUN] - se visualiza el mensaje No hay datos.&#xD;
&#xD;
2019-10-31 14:03:04 - [MESSAGE][FAILED] - Feature file 'Include/features/Clientes/ConsultarCliente.feature' was failed&#xD;
&#xD;
2019-10-31 14:03:04 - [MESSAGE][FAILED] - Keyword runFeatureFile was failed (Root cause: com.kms.katalon.core.exception.StepFailedException: Feature file 'Include/features/Clientes/ConsultarCliente.feature' was failed&#xD;
	at com.kms.katalon.core.keyword.internal.KeywordMain.stepFailed(KeywordMain.groovy:50)&#xD;
	at com.kms.katalon.core.keyword.internal.KeywordMain.stepFailed(KeywordMain.groovy)&#xD;
	at com.kms.katalon.core.keyword.internal.KeywordMain.stepFailed(KeywordMain.groovy:23)&#xD;
	at com.kms.katalon.core.keyword.internal.KeywordMain$stepFailed$0.call(Unknown Source)&#xD;
	at com.kms.katalon.core.cucumber.keyword.CucumberBuiltinKeywords$_runFeatureFile_closure1.doCall(CucumberBuiltinKeywords.groovy:82)&#xD;
	at com.kms.katalon.core.cucumber.keyword.CucumberBuiltinKeywords$_runFeatureFile_closure1.doCall(CucumberBuiltinKeywords.groovy)&#xD;
	at com.kms.katalon.core.keyword.internal.KeywordMain.runKeyword(KeywordMain.groovy:68)&#xD;
	at com.kms.katalon.core.keyword.internal.KeywordMain$runKeyword.call(Unknown Source)&#xD;
	at com.kms.katalon.core.cucumber.keyword.CucumberBuiltinKeywords.runFeatureFile(CucumberBuiltinKeywords.groovy:46)&#xD;
	at com.kms.katalon.core.cucumber.keyword.CucumberBuiltinKeywords$runFeatureFile$0.callStatic(Unknown Source)&#xD;
	at com.kms.katalon.core.cucumber.keyword.CucumberBuiltinKeywords.runFeatureFile(CucumberBuiltinKeywords.groovy:101)&#xD;
	at com.kms.katalon.core.cucumber.keyword.CucumberBuiltinKeywords$runFeatureFile.call(Unknown Source)&#xD;
	at ConsultaCliente.run(ConsultaCliente:17)&#xD;
	at com.kms.katalon.core.main.ScriptEngine.run(ScriptEngine.java:194)&#xD;
	at com.kms.katalon.core.main.ScriptEngine.runScriptAsRawText(ScriptEngine.java:119)&#xD;
	at com.kms.katalon.core.main.TestCaseExecutor.runScript(TestCaseExecutor.java:337)&#xD;
	at com.kms.katalon.core.main.TestCaseExecutor.doExecute(TestCaseExecutor.java:328)&#xD;
	at com.kms.katalon.core.main.TestCaseExecutor.processExecutionPhase(TestCaseExecutor.java:307)&#xD;
	at com.kms.katalon.core.main.TestCaseExecutor.accessMainPhase(TestCaseExecutor.java:299)&#xD;
	at com.kms.katalon.core.main.TestCaseExecutor.execute(TestCaseExecutor.java:233)&#xD;
	at com.kms.katalon.core.main.TestSuiteExecutor.accessTestCaseMainPhase(TestSuiteExecutor.java:169)&#xD;
	at com.kms.katalon.core.main.TestSuiteExecutor.accessTestSuiteMainPhase(TestSuiteExecutor.java:142)&#xD;
	at com.kms.katalon.core.main.TestSuiteExecutor.execute(TestSuiteExecutor.java:91)&#xD;
	at com.kms.katalon.core.main.TestCaseMain.startTestSuite(TestCaseMain.java:157)&#xD;
	at com.kms.katalon.core.main.TestCaseMain$startTestSuite$0.call(Unknown Source)&#xD;
	at TempTestSuite1572548566204.run(TempTestSuite1572548566204.groovy:35)&#xD;
)</system-out>
            <system-err>2019-10-31 14:02:51 - [TEST_CASE][FAILED] - Test Cases/Clientes/ConsultaCliente: Test Cases/Clientes/ConsultaCliente FAILED.
Reason:
com.kms.katalon.core.exception.StepFailedException: Feature file 'Include/features/Clientes/ConsultarCliente.feature' was failed&#xD;
	at com.kms.katalon.core.keyword.internal.KeywordMain.stepFailed(KeywordMain.groovy:50)&#xD;
	at com.kms.katalon.core.keyword.internal.KeywordMain.stepFailed(KeywordMain.groovy)&#xD;
	at com.kms.katalon.core.keyword.internal.KeywordMain.stepFailed(KeywordMain.groovy:23)&#xD;
	at com.kms.katalon.core.keyword.internal.KeywordMain$stepFailed$0.call(Unknown Source)&#xD;
	at com.kms.katalon.core.cucumber.keyword.CucumberBuiltinKeywords$_runFeatureFile_closure1.doCall(CucumberBuiltinKeywords.groovy:82)&#xD;
	at com.kms.katalon.core.cucumber.keyword.CucumberBuiltinKeywords$_runFeatureFile_closure1.doCall(CucumberBuiltinKeywords.groovy)&#xD;
	at com.kms.katalon.core.keyword.internal.KeywordMain.runKeyword(KeywordMain.groovy:68)&#xD;
	at com.kms.katalon.core.keyword.internal.KeywordMain$runKeyword.call(Unknown Source)&#xD;
	at com.kms.katalon.core.cucumber.keyword.CucumberBuiltinKeywords.runFeatureFile(CucumberBuiltinKeywords.groovy:46)&#xD;
	at com.kms.katalon.core.cucumber.keyword.CucumberBuiltinKeywords$runFeatureFile$0.callStatic(Unknown Source)&#xD;
	at com.kms.katalon.core.cucumber.keyword.CucumberBuiltinKeywords.runFeatureFile(CucumberBuiltinKeywords.groovy:101)&#xD;
	at com.kms.katalon.core.cucumber.keyword.CucumberBuiltinKeywords$runFeatureFile.call(Unknown Source)&#xD;
	at ConsultaCliente.run(ConsultaCliente:17)&#xD;
	at com.kms.katalon.core.main.ScriptEngine.run(ScriptEngine.java:194)&#xD;
	at com.kms.katalon.core.main.ScriptEngine.runScriptAsRawText(ScriptEngine.java:119)&#xD;
	at com.kms.katalon.core.main.TestCaseExecutor.runScript(TestCaseExecutor.java:337)&#xD;
	at com.kms.katalon.core.main.TestCaseExecutor.doExecute(TestCaseExecutor.java:328)&#xD;
	at com.kms.katalon.core.main.TestCaseExecutor.processExecutionPhase(TestCaseExecutor.java:307)&#xD;
	at com.kms.katalon.core.main.TestCaseExecutor.accessMainPhase(TestCaseExecutor.java:299)&#xD;
	at com.kms.katalon.core.main.TestCaseExecutor.execute(TestCaseExecutor.java:233)&#xD;
	at com.kms.katalon.core.main.TestSuiteExecutor.accessTestCaseMainPhase(TestSuiteExecutor.java:169)&#xD;
	at com.kms.katalon.core.main.TestSuiteExecutor.accessTestSuiteMainPhase(TestSuiteExecutor.java:142)&#xD;
	at com.kms.katalon.core.main.TestSuiteExecutor.execute(TestSuiteExecutor.java:91)&#xD;
	at com.kms.katalon.core.main.TestCaseMain.startTestSuite(TestCaseMain.java:157)&#xD;
	at com.kms.katalon.core.main.TestCaseMain$startTestSuite$0.call(Unknown Source)&#xD;
	at TempTestSuite1572548566204.run(TempTestSuite1572548566204.groovy:35)</system-err>
        </testcase>
        <system-out>2019-10-31 14:02:50 - [TEST_SUITE][INCOMPLETE] - Cliente: null</system-out>
        <system-err>2019-10-31 14:02:50 - [TEST_SUITE][INCOMPLETE] - Cliente: null</system-err>
    </testsuite>
</testsuites>
