<?xml version="1.0" encoding="UTF-8" standalone="no"?>
<testsuite failures="1" name="cucumber.runtime.formatter.JUnitFormatter" skipped="0" tests="4" time="25.647818">
<testcase classname="Creación de clientes con validaciones implementadas" name="Ir a crear cliente" time="7.252714">
<system-out><![CDATA[Given El usuario ingresa a la página principal..............................passed
And se ubica en la opción clientes..........................................passed
When da clic en el link Crear cliente.......................................passed
Then el sistema muestra el formulario Crear Cliente.........................passed
]]></system-out>
</testcase>
<testcase classname="Creación de clientes con validaciones implementadas" name="Crear cliente" time="0.777328">
<failure message="com.kms.katalon.core.exception.StepFailedException: Unable to click on object 'Object Repository/CrearCliente/Page_Crear Cliente - Contactos de Tesorera/Page_Crear Cliente - Contactos de Tesorera/input_Nombre Cliente_Nombre'&#13;&#10;&#9;at com.kms.katalon.core.webui.keyword.internal.WebUIKeywordMain.stepFailed(WebUIKeywordMain.groovy:64)&#13;&#10;&#9;at com.kms.katalon.core.webui.keyword.internal.WebUIKeywordMain.runKeyword(WebUIKeywordMain.groovy:26)&#13;&#10;&#9;at com.kms.katalon.core.webui.keyword.builtin.ClickKeyword.click(ClickKeyword.groovy:86)&#13;&#10;&#9;at com.kms.katalon.core.webui.keyword.builtin.ClickKeyword.execute(ClickKeyword.groovy:67)&#13;&#10;&#9;at com.kms.katalon.core.keyword.internal.KeywordExecutor.executeKeywordForPlatform(KeywordExecutor.groovy:56)&#13;&#10;&#9;at com.kms.katalon.core.webui.keyword.WebUiBuiltInKeywords.click(WebUiBuiltInKeywords.groovy:616)&#13;&#10;&#9;at com.kms.katalon.core.webui.keyword.WebUiBuiltInKeywords$click$2.call(Unknown Source)&#13;&#10;&#9;at clientes.CrearCliente.digita_el_nombre_del_cliente_a_crear(CrearCliente.groovy:73)&#13;&#10;&#9;at ✽.digita el nombre del cliente a crear Liliana(E:/CAF/Automatizacion/CAF1/Include/features/Clientes/CrearCliente.feature:17)&#13;&#10;Caused by: org.openqa.selenium.ElementClickInterceptedException: element click intercepted: Element &lt;input class=&quot;k-textbox form-control&quot; data-val=&quot;true&quot; data-val-length=&quot;El campo no debe superar una longitud de 200 caracteres.&quot; data-val-length-max=&quot;200&quot; data-val-required=&quot;Debe ingresar un nombre.&quot; id=&quot;Nombre&quot; name=&quot;Nombre&quot; placeholder=&quot;Nombre para el cliente&quot; style=&quot;font-size:16px;&quot;&gt; is not clickable at point (513, 308). Other element would receive the click: &lt;div class=&quot;loader&quot; id=&quot;AjaxLoader&quot; style=&quot;&quot;&gt;...&lt;/div&gt;&#10;  (Session info: chrome=77.0.3865.120)&#10;Build info: version: '3.141.59', revision: 'e82be7d358', time: '2018-11-14T08:25:53'&#10;System info: host: 'P-LSEPULVEDAP', ip: '10.60.6.164', os.name: 'Windows 10', os.arch: 'amd64', os.version: '10.0', java.version: '1.8.0_181'&#10;Driver info: com.kms.katalon.selenium.driver.CChromeDriver&#10;Capabilities {acceptInsecureCerts: false, browserName: chrome, browserVersion: 77.0.3865.120, chrome: {chromedriverVersion: 77.0.3865.40 (f484704e052e0..., userDataDir: C:\Users\LSEPUL~1\AppData\L...}, goog:chromeOptions: {debuggerAddress: localhost:51376}, javascriptEnabled: true, networkConnectionEnabled: false, pageLoadStrategy: normal, platform: XP, platformName: XP, proxy: Proxy(), setWindowRect: true, strictFileInteractability: false, timeouts: {implicit: 0, pageLoad: 300000, script: 30000}, unhandledPromptBehavior: dismiss and notify}&#10;Session ID: bbf51fc7afa2da145161fbc3f8c437fb&#13;&#10;&#9;at org.openqa.selenium.remote.http.W3CHttpResponseCodec.createException(W3CHttpResponseCodec.java:187)&#13;&#10;&#9;at org.openqa.selenium.remote.http.W3CHttpResponseCodec.decode(W3CHttpResponseCodec.java:122)&#13;&#10;&#9;at org.openqa.selenium.remote.http.W3CHttpResponseCodec.decode(W3CHttpResponseCodec.java:49)&#13;&#10;&#9;at org.openqa.selenium.remote.HttpCommandExecutor.execute(HttpCommandExecutor.java:158)&#13;&#10;&#9;at org.openqa.selenium.remote.service.DriverCommandExecutor.execute(DriverCommandExecutor.java:83)&#13;&#10;&#9;at org.openqa.selenium.remote.RemoteWebDriver.execute(RemoteWebDriver.java:552)&#13;&#10;&#9;at com.kms.katalon.selenium.driver.CChromeDriver.execute(CChromeDriver.java:20)&#13;&#10;&#9;at org.openqa.selenium.remote.RemoteWebElement.execute(RemoteWebElement.java:285)&#13;&#10;&#9;at org.openqa.selenium.remote.RemoteWebElement.click(RemoteWebElement.java:84)&#13;&#10;&#9;at com.kms.katalon.core.webui.keyword.builtin.ClickKeyword$_click_closure1.doCall(ClickKeyword.groovy:79)&#13;&#10;&#9;at com.kms.katalon.core.webui.keyword.builtin.ClickKeyword$_click_closure1.call(ClickKeyword.groovy)&#13;&#10;&#9;at com.kms.katalon.core.webui.keyword.internal.WebUIKeywordMain.runKeyword(WebUIKeywordMain.groovy:20)&#13;&#10;&#9;at com.kms.katalon.core.webui.keyword.builtin.ClickKeyword.click(ClickKeyword.groovy:86)&#13;&#10;&#9;at com.kms.katalon.core.webui.keyword.builtin.ClickKeyword.execute(ClickKeyword.groovy:67)&#13;&#10;&#9;at com.kms.katalon.core.keyword.internal.KeywordExecutor.executeKeywordForPlatform(KeywordExecutor.groovy:56)&#13;&#10;&#9;at com.kms.katalon.core.webui.keyword.WebUiBuiltInKeywords.click(WebUiBuiltInKeywords.groovy:616)&#13;&#10;&#9;at com.kms.katalon.core.webui.keyword.WebUiBuiltInKeywords$click$2.call(Unknown Source)&#13;&#10;&#9;at clientes.CrearCliente.digita_el_nombre_del_cliente_a_crear(CrearCliente.groovy:73)&#13;&#10;&#9;at cucumber.runtime.Utils$1.call(Utils.java:26)&#13;&#10;&#9;at cucumber.runtime.Timeout.timeout(Timeout.java:16)&#13;&#10;&#9;at cucumber.runtime.Utils.invoke(Utils.java:20)&#13;&#10;&#9;at cucumber.runtime.java.JavaStepDefinition.execute(JavaStepDefinition.java:48)&#13;&#10;&#9;at cucumber.runtime.PickleStepDefinitionMatch.runStep(PickleStepDefinitionMatch.java:50)&#13;&#10;&#9;at cucumber.runner.TestStep.executeStep(TestStep.java:55)&#13;&#10;&#9;at cucumber.runner.TestStep.run(TestStep.java:42)&#13;&#10;&#9;at cucumber.runner.PickleStepTestStep.run(PickleStepTestStep.java:53)&#13;&#10;&#9;at cucumber.runner.TestCase.run(TestCase.java:47)&#13;&#10;&#9;at cucumber.runner.Runner.runPickle(Runner.java:44)&#13;&#10;&#9;at cucumber.runtime.Runtime.runFeature(Runtime.java:120)&#13;&#10;&#9;at cucumber.runtime.Runtime.run(Runtime.java:106)&#13;&#10;&#9;at cucumber.api.cli.Main.run(Main.java:35)&#13;&#10;&#9;at cucumber.api.cli.Main$run.call(Unknown Source)&#13;&#10;&#9;at com.kms.katalon.core.cucumber.keyword.CucumberBuiltinKeywords$_runFeatureFile_closure1.doCall(CucumberBuiltinKeywords.groovy:76)&#13;&#10;&#9;at com.kms.katalon.core.cucumber.keyword.CucumberBuiltinKeywords$_runFeatureFile_closure1.doCall(CucumberBuiltinKeywords.groovy)&#13;&#10;&#9;at com.kms.katalon.core.keyword.internal.KeywordMain.runKeyword(KeywordMain.groovy:68)&#13;&#10;&#9;at com.kms.katalon.core.keyword.internal.KeywordMain$runKeyword.call(Unknown Source)&#13;&#10;&#9;at com.kms.katalon.core.cucumber.keyword.CucumberBuiltinKeywords.runFeatureFile(CucumberBuiltinKeywords.groovy:46)&#13;&#10;&#9;at com.kms.katalon.core.cucumber.keyword.CucumberBuiltinKeywords$runFeatureFile$0.callStatic(Unknown Source)&#13;&#10;&#9;at com.kms.katalon.core.cucumber.keyword.CucumberBuiltinKeywords.runFeatureFile(CucumberBuiltinKeywords.groovy:101)&#13;&#10;&#9;at com.kms.katalon.core.cucumber.keyword.CucumberBuiltinKeywords$runFeatureFile.call(Unknown Source)&#13;&#10;&#9;at CrearCliente.run(CrearCliente:41)&#13;&#10;&#9;at com.kms.katalon.core.main.ScriptEngine.run(ScriptEngine.java:194)&#13;&#10;&#9;at com.kms.katalon.core.main.ScriptEngine.runScriptAsRawText(ScriptEngine.java:119)&#13;&#10;&#9;at com.kms.katalon.core.main.TestCaseExecutor.runScript(TestCaseExecutor.java:337)&#13;&#10;&#9;at com.kms.katalon.core.main.TestCaseExecutor.doExecute(TestCaseExecutor.java:328)&#13;&#10;&#9;at com.kms.katalon.core.main.TestCaseExecutor.processExecutionPhase(TestCaseExecutor.java:307)&#13;&#10;&#9;at com.kms.katalon.core.main.TestCaseExecutor.accessMainPhase(TestCaseExecutor.java:299)&#13;&#10;&#9;at com.kms.katalon.core.main.TestCaseExecutor.execute(TestCaseExecutor.java:233)&#13;&#10;&#9;at com.kms.katalon.core.main.TestSuiteExecutor.accessTestCaseMainPhase(TestSuiteExecutor.java:169)&#13;&#10;&#9;at com.kms.katalon.core.main.TestSuiteExecutor.accessTestSuiteMainPhase(TestSuiteExecutor.java:142)&#13;&#10;&#9;at com.kms.katalon.core.main.TestSuiteExecutor.execute(TestSuiteExecutor.java:91)&#13;&#10;&#9;at com.kms.katalon.core.main.TestCaseMain.startTestSuite(TestCaseMain.java:157)&#13;&#10;&#9;at com.kms.katalon.core.main.TestCaseMain$startTestSuite$0.call(Unknown Source)&#13;&#10;&#9;at TempTestSuite1572618409996.run(TempTestSuite1572618409996.groovy:35)&#13;&#10;"><![CDATA[Given El usuario ingresa a la opción Crear Cliente..........................passed
When digita el nombre del cliente a crear Liliana...........................failed
And digita el BBG Broker ID 5...............................................skipped
And selecciona la modalidad de cliente disponible...........................skipped
And selecciona el producto disponible.......................................skipped
And se da clic en el botón Guardar..........................................skipped
Then el sistema guarda la información del cliente...........................skipped

StackTrace:
com.kms.katalon.core.exception.StepFailedException: Unable to click on object 'Object Repository/CrearCliente/Page_Crear Cliente - Contactos de Tesorera/Page_Crear Cliente - Contactos de Tesorera/input_Nombre Cliente_Nombre'
	at com.kms.katalon.core.webui.keyword.internal.WebUIKeywordMain.stepFailed(WebUIKeywordMain.groovy:64)
	at com.kms.katalon.core.webui.keyword.internal.WebUIKeywordMain.runKeyword(WebUIKeywordMain.groovy:26)
	at com.kms.katalon.core.webui.keyword.builtin.ClickKeyword.click(ClickKeyword.groovy:86)
	at com.kms.katalon.core.webui.keyword.builtin.ClickKeyword.execute(ClickKeyword.groovy:67)
	at com.kms.katalon.core.keyword.internal.KeywordExecutor.executeKeywordForPlatform(KeywordExecutor.groovy:56)
	at com.kms.katalon.core.webui.keyword.WebUiBuiltInKeywords.click(WebUiBuiltInKeywords.groovy:616)
	at com.kms.katalon.core.webui.keyword.WebUiBuiltInKeywords$click$2.call(Unknown Source)
	at clientes.CrearCliente.digita_el_nombre_del_cliente_a_crear(CrearCliente.groovy:73)
	at ✽.digita el nombre del cliente a crear Liliana(E:/CAF/Automatizacion/CAF1/Include/features/Clientes/CrearCliente.feature:17)
Caused by: org.openqa.selenium.ElementClickInterceptedException: element click intercepted: Element <input class="k-textbox form-control" data-val="true" data-val-length="El campo no debe superar una longitud de 200 caracteres." data-val-length-max="200" data-val-required="Debe ingresar un nombre." id="Nombre" name="Nombre" placeholder="Nombre para el cliente" style="font-size:16px;"> is not clickable at point (513, 308). Other element would receive the click: <div class="loader" id="AjaxLoader" style="">...</div>
  (Session info: chrome=77.0.3865.120)
Build info: version: '3.141.59', revision: 'e82be7d358', time: '2018-11-14T08:25:53'
System info: host: 'P-LSEPULVEDAP', ip: '10.60.6.164', os.name: 'Windows 10', os.arch: 'amd64', os.version: '10.0', java.version: '1.8.0_181'
Driver info: com.kms.katalon.selenium.driver.CChromeDriver
Capabilities {acceptInsecureCerts: false, browserName: chrome, browserVersion: 77.0.3865.120, chrome: {chromedriverVersion: 77.0.3865.40 (f484704e052e0..., userDataDir: C:\Users\LSEPUL~1\AppData\L...}, goog:chromeOptions: {debuggerAddress: localhost:51376}, javascriptEnabled: true, networkConnectionEnabled: false, pageLoadStrategy: normal, platform: XP, platformName: XP, proxy: Proxy(), setWindowRect: true, strictFileInteractability: false, timeouts: {implicit: 0, pageLoad: 300000, script: 30000}, unhandledPromptBehavior: dismiss and notify}
Session ID: bbf51fc7afa2da145161fbc3f8c437fb
	at org.openqa.selenium.remote.http.W3CHttpResponseCodec.createException(W3CHttpResponseCodec.java:187)
	at org.openqa.selenium.remote.http.W3CHttpResponseCodec.decode(W3CHttpResponseCodec.java:122)
	at org.openqa.selenium.remote.http.W3CHttpResponseCodec.decode(W3CHttpResponseCodec.java:49)
	at org.openqa.selenium.remote.HttpCommandExecutor.execute(HttpCommandExecutor.java:158)
	at org.openqa.selenium.remote.service.DriverCommandExecutor.execute(DriverCommandExecutor.java:83)
	at org.openqa.selenium.remote.RemoteWebDriver.execute(RemoteWebDriver.java:552)
	at com.kms.katalon.selenium.driver.CChromeDriver.execute(CChromeDriver.java:20)
	at org.openqa.selenium.remote.RemoteWebElement.execute(RemoteWebElement.java:285)
	at org.openqa.selenium.remote.RemoteWebElement.click(RemoteWebElement.java:84)
	at com.kms.katalon.core.webui.keyword.builtin.ClickKeyword$_click_closure1.doCall(ClickKeyword.groovy:79)
	at com.kms.katalon.core.webui.keyword.builtin.ClickKeyword$_click_closure1.call(ClickKeyword.groovy)
	at com.kms.katalon.core.webui.keyword.internal.WebUIKeywordMain.runKeyword(WebUIKeywordMain.groovy:20)
	at com.kms.katalon.core.webui.keyword.builtin.ClickKeyword.click(ClickKeyword.groovy:86)
	at com.kms.katalon.core.webui.keyword.builtin.ClickKeyword.execute(ClickKeyword.groovy:67)
	at com.kms.katalon.core.keyword.internal.KeywordExecutor.executeKeywordForPlatform(KeywordExecutor.groovy:56)
	at com.kms.katalon.core.webui.keyword.WebUiBuiltInKeywords.click(WebUiBuiltInKeywords.groovy:616)
	at com.kms.katalon.core.webui.keyword.WebUiBuiltInKeywords$click$2.call(Unknown Source)
	at clientes.CrearCliente.digita_el_nombre_del_cliente_a_crear(CrearCliente.groovy:73)
	at cucumber.runtime.Utils$1.call(Utils.java:26)
	at cucumber.runtime.Timeout.timeout(Timeout.java:16)
	at cucumber.runtime.Utils.invoke(Utils.java:20)
	at cucumber.runtime.java.JavaStepDefinition.execute(JavaStepDefinition.java:48)
	at cucumber.runtime.PickleStepDefinitionMatch.runStep(PickleStepDefinitionMatch.java:50)
	at cucumber.runner.TestStep.executeStep(TestStep.java:55)
	at cucumber.runner.TestStep.run(TestStep.java:42)
	at cucumber.runner.PickleStepTestStep.run(PickleStepTestStep.java:53)
	at cucumber.runner.TestCase.run(TestCase.java:47)
	at cucumber.runner.Runner.runPickle(Runner.java:44)
	at cucumber.runtime.Runtime.runFeature(Runtime.java:120)
	at cucumber.runtime.Runtime.run(Runtime.java:106)
	at cucumber.api.cli.Main.run(Main.java:35)
	at cucumber.api.cli.Main$run.call(Unknown Source)
	at com.kms.katalon.core.cucumber.keyword.CucumberBuiltinKeywords$_runFeatureFile_closure1.doCall(CucumberBuiltinKeywords.groovy:76)
	at com.kms.katalon.core.cucumber.keyword.CucumberBuiltinKeywords$_runFeatureFile_closure1.doCall(CucumberBuiltinKeywords.groovy)
	at com.kms.katalon.core.keyword.internal.KeywordMain.runKeyword(KeywordMain.groovy:68)
	at com.kms.katalon.core.keyword.internal.KeywordMain$runKeyword.call(Unknown Source)
	at com.kms.katalon.core.cucumber.keyword.CucumberBuiltinKeywords.runFeatureFile(CucumberBuiltinKeywords.groovy:46)
	at com.kms.katalon.core.cucumber.keyword.CucumberBuiltinKeywords$runFeatureFile$0.callStatic(Unknown Source)
	at com.kms.katalon.core.cucumber.keyword.CucumberBuiltinKeywords.runFeatureFile(CucumberBuiltinKeywords.groovy:101)
	at com.kms.katalon.core.cucumber.keyword.CucumberBuiltinKeywords$runFeatureFile.call(Unknown Source)
	at CrearCliente.run(CrearCliente:41)
	at com.kms.katalon.core.main.ScriptEngine.run(ScriptEngine.java:194)
	at com.kms.katalon.core.main.ScriptEngine.runScriptAsRawText(ScriptEngine.java:119)
	at com.kms.katalon.core.main.TestCaseExecutor.runScript(TestCaseExecutor.java:337)
	at com.kms.katalon.core.main.TestCaseExecutor.doExecute(TestCaseExecutor.java:328)
	at com.kms.katalon.core.main.TestCaseExecutor.processExecutionPhase(TestCaseExecutor.java:307)
	at com.kms.katalon.core.main.TestCaseExecutor.accessMainPhase(TestCaseExecutor.java:299)
	at com.kms.katalon.core.main.TestCaseExecutor.execute(TestCaseExecutor.java:233)
	at com.kms.katalon.core.main.TestSuiteExecutor.accessTestCaseMainPhase(TestSuiteExecutor.java:169)
	at com.kms.katalon.core.main.TestSuiteExecutor.accessTestSuiteMainPhase(TestSuiteExecutor.java:142)
	at com.kms.katalon.core.main.TestSuiteExecutor.execute(TestSuiteExecutor.java:91)
	at com.kms.katalon.core.main.TestCaseMain.startTestSuite(TestCaseMain.java:157)
	at com.kms.katalon.core.main.TestCaseMain$startTestSuite$0.call(Unknown Source)
	at TempTestSuite1572618409996.run(TempTestSuite1572618409996.groovy:35)
]]></failure>
</testcase>
<testcase classname="Creación de clientes con validaciones implementadas" name="Cancelar la creación de un cliente" time="9.256462">
<system-out><![CDATA[Given El usuario ingresa a la página principal..............................passed
And se ubica en la opción clientes..........................................passed
When da clic en el link Crear cliente.......................................passed
And presiona el botón Regresar..............................................passed
Then se visualiza nuevamente la página principal............................passed
]]></system-out>
</testcase>
<testcase classname="Creación de clientes con validaciones implementadas" name="Validación campos requeridos" time="8.361314">
<system-out><![CDATA[Given El usuario ingresa a la página principal..............................passed
And se ubica en la opción clientes..........................................passed
When da clic en el link Crear cliente.......................................passed
And presiona el botón Guardar...............................................passed
Then Se visualizan los mensajes de validación...............................passed
]]></system-out>
</testcase>
</testsuite>
